INFO:root:2021-03-06 11:53:14.308986: starting script execution
WARNING:root:2021-03-06 11:53:15.296457: current CSV not found, new one will be created
INFO:root:2021-03-06 11:53:15.336361: new data found, writing to CSV
INFO:root:2021-03-06 11:53:15.336474: script executed successfully
INFO:root:2021-03-06 11:55:34.742493: starting script execution
INFO:root:2021-03-06 11:55:35.193875: no new data found
INFO:root:2021-03-06 11:55:35.193996: script executed successfully
INFO:root:2021-03-06 11:57:36.218752: starting script execution
INFO:root:2021-03-06 11:57:37.189898: no new data found
INFO:root:2021-03-06 11:57:37.190020: script executed successfully
INFO:root:2021-03-06 12:03:49.257906: starting script execution
INFO:root:2021-03-06 12:03:49.770667: no new data found
INFO:root:2021-03-06 12:03:49.770803: script executed successfully
INFO:root:2021-03-06 12:24:58.187726: starting script execution
INFO:root:2021-03-06 12:24:58.601799: no new data found
INFO:root:2021-03-06 12:24:58.601923: script executed successfully
INFO:root:2021-03-06 12:48:44.579504: starting script execution
INFO:root:2021-03-06 12:48:45.078763: no new data found
INFO:root:2021-03-06 12:48:45.078892: script executed successfully
INFO:root:2021-03-06 13:03:17.248264: starting script execution
INFO:root:2021-03-06 13:03:18.369522: no new data found
INFO:root:2021-03-06 13:03:18.369674: script executed successfully
INFO:root:2021-03-06 13:26:39.497383: starting script execution
INFO:root:2021-03-06 13:26:39.969091: no new data found
INFO:root:2021-03-06 13:26:39.969222: script executed successfully
INFO:root:2021-03-06 13:38:40.812120: starting script execution
INFO:root:2021-03-06 13:38:41.991766: no new data found
INFO:root:2021-03-06 13:38:41.991920: script executed successfully
INFO:root:2021-03-06 13:47:40.355057: starting script execution
INFO:root:2021-03-06 13:47:40.835212: no new data found
INFO:root:2021-03-06 13:47:40.835350: script executed successfully
INFO:root:2021-03-06 13:53:55.276248: starting script execution
INFO:root:2021-03-06 13:53:55.688932: no new data found
INFO:root:2021-03-06 13:53:55.689047: script executed successfully
INFO:root:2021-03-06 14:00:23.324668: starting script execution
INFO:root:2021-03-06 14:00:23.754286: no new data found
INFO:root:2021-03-06 14:00:23.754430: script executed successfully
INFO:root:2021-03-06 14:24:44.671981: starting script execution
INFO:root:2021-03-06 14:24:45.266704: no new data found
INFO:root:2021-03-06 14:24:45.266897: script executed successfully
INFO:root:2021-03-06 14:35:57.835943: starting script execution
INFO:root:2021-03-06 14:35:58.954220: no new data found
INFO:root:2021-03-06 14:35:58.954345: script executed successfully
INFO:root:2021-03-06 14:46:47.786167: starting script execution
INFO:root:2021-03-06 14:46:48.209997: no new data found
INFO:root:2021-03-06 14:46:48.210152: script executed successfully
INFO:root:2021-03-06 14:53:04.234713: starting script execution
INFO:root:2021-03-06 14:53:05.385726: no new data found
INFO:root:2021-03-06 14:53:05.385847: script executed successfully
INFO:root:2021-03-06 14:59:21.994349: starting script execution
INFO:root:2021-03-06 14:59:22.480594: no new data found
INFO:root:2021-03-06 14:59:22.480710: script executed successfully
INFO:root:2021-03-06 15:23:46.797866: starting script execution
INFO:root:2021-03-06 15:23:49.723471: no new data found
INFO:root:2021-03-06 15:23:49.723606: script executed successfully
INFO:root:2021-03-06 15:37:34.251216: starting script execution
INFO:root:2021-03-06 15:37:34.649994: no new data found
INFO:root:2021-03-06 15:37:34.650127: script executed successfully
INFO:root:2021-03-06 15:52:14.969244: starting script execution
INFO:root:2021-03-06 15:52:15.425187: no new data found
INFO:root:2021-03-06 15:52:15.425298: script executed successfully
INFO:root:2021-03-06 15:58:34.106255: starting script execution
INFO:root:2021-03-06 15:58:34.425303: no new data found
INFO:root:2021-03-06 15:58:34.425444: script executed successfully
INFO:root:2021-03-06 16:38:13.715090: starting script execution
INFO:root:2021-03-06 16:38:14.168649: no new data found
INFO:root:2021-03-06 16:38:14.168791: script executed successfully
INFO:root:2021-03-06 17:16:28.913078: starting script execution
INFO:root:2021-03-06 17:16:29.322180: no new data found
INFO:root:2021-03-06 17:16:29.322313: script executed successfully
INFO:root:2021-03-06 17:46:32.723562: starting script execution
INFO:root:2021-03-06 17:46:33.285252: no new data found
INFO:root:2021-03-06 17:46:33.285403: script executed successfully
INFO:root:2021-03-06 17:59:09.206587: starting script execution
INFO:root:2021-03-06 17:59:09.617200: no new data found
INFO:root:2021-03-06 17:59:09.617317: script executed successfully
INFO:root:2021-03-06 18:26:11.758865: starting script execution
INFO:root:2021-03-06 18:26:12.197803: no new data found
INFO:root:2021-03-06 18:26:12.197948: script executed successfully
INFO:root:2021-03-06 18:44:46.749306: starting script execution
INFO:root:2021-03-06 18:44:47.300645: no new data found
INFO:root:2021-03-06 18:44:47.300757: script executed successfully
INFO:root:2021-03-06 18:58:20.345846: starting script execution
INFO:root:2021-03-06 18:58:20.847794: no new data found
INFO:root:2021-03-06 18:58:20.847947: script executed successfully
INFO:root:2021-03-06 19:17:09.808759: starting script execution
WARNING:root:2021-03-06 19:17:10.270835: countries out of sync
INFO:root:2021-03-06 19:17:10.330263: new data found, writing to CSV
INFO:root:2021-03-06 19:17:10.330413: script executed successfully
INFO:root:2021-03-06 19:28:38.538627: starting script execution
WARNING:root:2021-03-06 19:28:38.937201: countries out of sync
INFO:root:2021-03-06 19:28:38.952329: no new data found
INFO:root:2021-03-06 19:28:38.952427: script executed successfully
INFO:root:2021-03-06 19:39:23.126839: starting script execution
WARNING:root:2021-03-06 19:39:23.617792: countries out of sync
INFO:root:2021-03-06 19:39:23.632826: no new data found
INFO:root:2021-03-06 19:39:23.639849: script executed successfully
INFO:root:2021-03-06 19:45:47.321037: starting script execution
WARNING:root:2021-03-06 19:45:47.990186: countries out of sync
INFO:root:2021-03-06 19:45:48.003275: no new data found
INFO:root:2021-03-06 19:45:48.003377: script executed successfully
INFO:root:2021-03-06 19:51:58.016818: starting script execution
WARNING:root:2021-03-06 19:51:58.422080: countries out of sync
INFO:root:2021-03-06 19:51:58.436925: no new data found
INFO:root:2021-03-06 19:51:58.437052: script executed successfully
INFO:root:2021-03-06 19:58:07.974565: starting script execution
WARNING:root:2021-03-06 19:58:08.482837: countries out of sync
INFO:root:2021-03-06 19:58:08.494785: no new data found
INFO:root:2021-03-06 19:58:08.494887: script executed successfully
INFO:root:2021-03-06 20:23:11.414029: starting script execution
WARNING:root:2021-03-06 20:23:11.919075: countries out of sync
INFO:root:2021-03-06 20:23:11.932409: no new data found
INFO:root:2021-03-06 20:23:11.932479: script executed successfully
