INFO:root:2021-03-06 11:53:23.419232: starting script execution
INFO:root:2021-03-06 11:53:23.419368: new data found, processing
INFO:root:2021-03-06 11:53:23.959755: script executed successfully
INFO:root:2021-03-06 11:55:43.095353: starting script execution
INFO:root:2021-03-06 11:55:43.095457: no new data to process
INFO:root:2021-03-06 11:55:43.095498: script executed successfully
INFO:root:2021-03-06 11:57:45.126961: starting script execution
INFO:root:2021-03-06 11:57:45.127071: no new data to process
INFO:root:2021-03-06 11:57:45.127112: script executed successfully
INFO:root:2021-03-06 12:03:57.923784: starting script execution
INFO:root:2021-03-06 12:03:57.923909: no new data to process
INFO:root:2021-03-06 12:03:57.923960: script executed successfully
INFO:root:2021-03-06 12:25:06.537710: starting script execution
INFO:root:2021-03-06 12:25:06.537818: no new data to process
INFO:root:2021-03-06 12:25:06.537858: script executed successfully
INFO:root:2021-03-06 12:48:53.076080: starting script execution
INFO:root:2021-03-06 12:48:53.076203: no new data to process
INFO:root:2021-03-06 12:48:53.076246: script executed successfully
INFO:root:2021-03-06 13:03:26.426218: starting script execution
INFO:root:2021-03-06 13:03:26.426343: no new data to process
INFO:root:2021-03-06 13:03:26.426390: script executed successfully
INFO:root:2021-03-06 13:26:47.942217: starting script execution
INFO:root:2021-03-06 13:26:47.942334: no new data to process
INFO:root:2021-03-06 13:26:47.942376: script executed successfully
INFO:root:2021-03-06 13:38:50.053615: starting script execution
INFO:root:2021-03-06 13:38:50.053748: no new data to process
INFO:root:2021-03-06 13:38:50.053816: script executed successfully
INFO:root:2021-03-06 13:47:48.878457: starting script execution
INFO:root:2021-03-06 13:47:48.878603: no new data to process
INFO:root:2021-03-06 13:47:48.878653: script executed successfully
INFO:root:2021-03-06 13:54:03.745441: starting script execution
INFO:root:2021-03-06 13:54:03.745570: no new data to process
INFO:root:2021-03-06 13:54:03.745621: script executed successfully
INFO:root:2021-03-06 14:00:31.901134: starting script execution
INFO:root:2021-03-06 14:00:31.901266: no new data to process
INFO:root:2021-03-06 14:00:31.901315: script executed successfully
INFO:root:2021-03-06 14:24:53.939548: starting script execution
INFO:root:2021-03-06 14:24:53.939666: no new data to process
INFO:root:2021-03-06 14:24:53.939717: script executed successfully
INFO:root:2021-03-06 14:36:07.031232: starting script execution
INFO:root:2021-03-06 14:36:07.031348: no new data to process
INFO:root:2021-03-06 14:36:07.031391: script executed successfully
INFO:root:2021-03-06 14:46:56.262163: starting script execution
INFO:root:2021-03-06 14:46:56.262300: no new data to process
INFO:root:2021-03-06 14:46:56.262357: script executed successfully
INFO:root:2021-03-06 14:53:13.508097: starting script execution
INFO:root:2021-03-06 14:53:13.508306: no new data to process
INFO:root:2021-03-06 14:53:13.508394: script executed successfully
INFO:root:2021-03-06 14:59:30.472773: starting script execution
INFO:root:2021-03-06 14:59:30.472906: no new data to process
INFO:root:2021-03-06 14:59:30.472958: script executed successfully
INFO:root:2021-03-06 15:23:57.758752: starting script execution
INFO:root:2021-03-06 15:23:57.758875: no new data to process
INFO:root:2021-03-06 15:23:57.758923: script executed successfully
INFO:root:2021-03-06 15:37:42.691061: starting script execution
INFO:root:2021-03-06 15:37:42.691184: no new data to process
INFO:root:2021-03-06 15:37:42.691232: script executed successfully
INFO:root:2021-03-06 15:52:23.358684: starting script execution
INFO:root:2021-03-06 15:52:23.358798: no new data to process
INFO:root:2021-03-06 15:52:23.358849: script executed successfully
INFO:root:2021-03-06 15:58:42.524375: starting script execution
INFO:root:2021-03-06 15:58:42.524503: no new data to process
INFO:root:2021-03-06 15:58:42.524550: script executed successfully
INFO:root:2021-03-06 16:38:22.223998: starting script execution
INFO:root:2021-03-06 16:38:22.224133: no new data to process
INFO:root:2021-03-06 16:38:22.224179: script executed successfully
INFO:root:2021-03-06 17:16:37.963243: starting script execution
INFO:root:2021-03-06 17:16:37.963371: no new data to process
INFO:root:2021-03-06 17:16:37.963417: script executed successfully
INFO:root:2021-03-06 17:46:41.480888: starting script execution
INFO:root:2021-03-06 17:46:41.481022: no new data to process
INFO:root:2021-03-06 17:46:41.481070: script executed successfully
INFO:root:2021-03-06 17:59:17.604492: starting script execution
INFO:root:2021-03-06 17:59:17.604602: no new data to process
INFO:root:2021-03-06 17:59:17.604652: script executed successfully
INFO:root:2021-03-06 18:26:20.206934: starting script execution
INFO:root:2021-03-06 18:26:20.207059: no new data to process
INFO:root:2021-03-06 18:26:20.207113: script executed successfully
INFO:root:2021-03-06 18:44:55.275454: starting script execution
INFO:root:2021-03-06 18:44:55.275572: no new data to process
INFO:root:2021-03-06 18:44:55.275619: script executed successfully
INFO:root:2021-03-06 18:58:29.531995: starting script execution
INFO:root:2021-03-06 18:58:29.532151: no new data to process
INFO:root:2021-03-06 18:58:29.532216: script executed successfully
INFO:root:2021-03-06 19:17:18.461701: starting script execution
INFO:root:2021-03-06 19:17:18.461851: new data found, processing
INFO:root:2021-03-06 19:17:19.074050: script executed successfully
INFO:root:2021-03-06 19:28:46.974753: starting script execution
INFO:root:2021-03-06 19:28:46.974925: no new data to process
INFO:root:2021-03-06 19:28:46.974980: script executed successfully
INFO:root:2021-03-06 19:39:31.692155: starting script execution
INFO:root:2021-03-06 19:39:31.692346: no new data to process
INFO:root:2021-03-06 19:39:31.692416: script executed successfully
INFO:root:2021-03-06 19:45:56.036650: starting script execution
INFO:root:2021-03-06 19:45:56.036777: no new data to process
INFO:root:2021-03-06 19:45:56.036815: script executed successfully
INFO:root:2021-03-06 19:52:06.518536: starting script execution
INFO:root:2021-03-06 19:52:06.518674: no new data to process
INFO:root:2021-03-06 19:52:06.518723: script executed successfully
INFO:root:2021-03-06 19:58:16.417134: starting script execution
INFO:root:2021-03-06 19:58:16.417251: no new data to process
INFO:root:2021-03-06 19:58:16.417291: script executed successfully
INFO:root:2021-03-06 20:23:19.952837: starting script execution
INFO:root:2021-03-06 20:23:19.952948: no new data to process
INFO:root:2021-03-06 20:23:19.952998: script executed successfully
INFO:root:2021-03-06 20:36:13.065259: starting script execution
INFO:root:2021-03-06 20:36:13.065375: no new data to process
INFO:root:2021-03-06 20:36:13.065427: script executed successfully
INFO:root:2021-03-06 20:46:42.057254: starting script execution
INFO:root:2021-03-06 20:46:42.057366: no new data to process
INFO:root:2021-03-06 20:46:42.057410: script executed successfully
INFO:root:2021-03-06 20:53:02.714927: starting script execution
INFO:root:2021-03-06 20:53:02.715039: no new data to process
INFO:root:2021-03-06 20:53:02.715077: script executed successfully
INFO:root:2021-03-06 20:59:25.773967: starting script execution
INFO:root:2021-03-06 20:59:25.774080: no new data to process
INFO:root:2021-03-06 20:59:25.774122: script executed successfully
INFO:root:2021-03-06 21:21:17.254362: starting script execution
INFO:root:2021-03-06 21:21:17.254544: no new data to process
INFO:root:2021-03-06 21:21:17.254605: script executed successfully
INFO:root:2021-03-06 21:34:35.147103: starting script execution
INFO:root:2021-03-06 21:34:35.147212: no new data to process
INFO:root:2021-03-06 21:34:35.147249: script executed successfully
INFO:root:2021-03-06 21:47:11.754882: starting script execution
INFO:root:2021-03-06 21:47:11.755002: no new data to process
INFO:root:2021-03-06 21:47:11.755047: script executed successfully
INFO:root:2021-03-06 21:53:22.886815: starting script execution
INFO:root:2021-03-06 21:53:22.886932: no new data to process
INFO:root:2021-03-06 21:53:22.886987: script executed successfully
INFO:root:2021-03-06 21:59:43.862997: starting script execution
INFO:root:2021-03-06 21:59:43.863115: no new data to process
INFO:root:2021-03-06 21:59:43.863166: script executed successfully
INFO:root:2021-03-06 22:26:00.740396: starting script execution
INFO:root:2021-03-06 22:26:00.740514: no new data to process
INFO:root:2021-03-06 22:26:00.740567: script executed successfully
INFO:root:2021-03-06 22:43:36.844993: starting script execution
INFO:root:2021-03-06 22:43:36.845112: no new data to process
INFO:root:2021-03-06 22:43:36.845157: script executed successfully
INFO:root:2021-03-06 22:55:05.121652: starting script execution
INFO:root:2021-03-06 22:55:05.121771: no new data to process
INFO:root:2021-03-06 22:55:05.121818: script executed successfully
INFO:root:2021-03-06 23:03:41.962261: starting script execution
INFO:root:2021-03-06 23:03:41.962383: no new data to process
INFO:root:2021-03-06 23:03:41.962430: script executed successfully
INFO:root:2021-03-06 23:27:50.197656: starting script execution
INFO:root:2021-03-06 23:27:50.197772: no new data to process
INFO:root:2021-03-06 23:27:50.197834: script executed successfully
INFO:root:2021-03-06 23:45:47.543481: starting script execution
INFO:root:2021-03-06 23:45:47.543582: no new data to process
INFO:root:2021-03-06 23:45:47.543627: script executed successfully
INFO:root:2021-03-06 23:55:39.577716: starting script execution
INFO:root:2021-03-06 23:55:39.577832: no new data to process
INFO:root:2021-03-06 23:55:39.577871: script executed successfully
INFO:root:2021-03-07 00:17:02.795670: starting script execution
INFO:root:2021-03-07 00:17:02.795825: no new data to process
INFO:root:2021-03-07 00:17:02.795885: script executed successfully
INFO:root:2021-03-07 01:19:34.260698: starting script execution
INFO:root:2021-03-07 01:19:34.260825: new data found, processing
INFO:root:2021-03-07 01:19:34.743029: script executed successfully
INFO:root:2021-03-07 02:06:51.061629: starting script execution
INFO:root:2021-03-07 02:06:51.061771: no new data to process
INFO:root:2021-03-07 02:06:51.061833: script executed successfully
INFO:root:2021-03-07 02:40:16.001875: starting script execution
INFO:root:2021-03-07 02:40:16.001983: no new data to process
INFO:root:2021-03-07 02:40:16.002023: script executed successfully
INFO:root:2021-03-07 02:56:37.507506: starting script execution
INFO:root:2021-03-07 02:56:37.507631: no new data to process
INFO:root:2021-03-07 02:56:37.507677: script executed successfully
INFO:root:2021-03-07 03:12:18.595715: starting script execution
INFO:root:2021-03-07 03:12:18.595837: no new data to process
INFO:root:2021-03-07 03:12:18.595883: script executed successfully
INFO:root:2021-03-07 03:32:54.464280: starting script execution
INFO:root:2021-03-07 03:32:54.464395: no new data to process
INFO:root:2021-03-07 03:32:54.464438: script executed successfully
INFO:root:2021-03-07 03:49:57.905744: starting script execution
INFO:root:2021-03-07 03:49:57.905870: no new data to process
INFO:root:2021-03-07 03:49:57.905918: script executed successfully
INFO:root:2021-03-07 03:56:27.413201: starting script execution
INFO:root:2021-03-07 03:56:27.413318: no new data to process
INFO:root:2021-03-07 03:56:27.413361: script executed successfully
INFO:root:2021-03-07 04:14:23.468005: starting script execution
INFO:root:2021-03-07 04:14:23.468139: no new data to process
INFO:root:2021-03-07 04:14:23.468198: script executed successfully
INFO:root:2021-03-07 04:41:04.041128: starting script execution
INFO:root:2021-03-07 04:41:04.041247: no new data to process
INFO:root:2021-03-07 04:41:04.041290: script executed successfully
INFO:root:2021-03-07 04:58:16.257154: starting script execution
INFO:root:2021-03-07 04:58:16.257283: no new data to process
INFO:root:2021-03-07 04:58:16.257331: script executed successfully
INFO:root:2021-03-07 05:20:58.285687: starting script execution
INFO:root:2021-03-07 05:20:58.285803: no new data to process
INFO:root:2021-03-07 05:20:58.285851: script executed successfully
INFO:root:2021-03-07 05:36:03.323992: starting script execution
INFO:root:2021-03-07 05:36:03.324102: no new data to process
INFO:root:2021-03-07 05:36:03.324141: script executed successfully
INFO:root:2021-03-07 05:47:06.500619: starting script execution
INFO:root:2021-03-07 05:47:06.500733: no new data to process
INFO:root:2021-03-07 05:47:06.500773: script executed successfully
INFO:root:2021-03-07 05:53:21.643462: starting script execution
INFO:root:2021-03-07 05:53:21.643585: no new data to process
INFO:root:2021-03-07 05:53:21.643633: script executed successfully
INFO:root:2021-03-07 05:59:46.977610: starting script execution
INFO:root:2021-03-07 05:59:46.977735: no new data to process
INFO:root:2021-03-07 05:59:46.977824: script executed successfully
INFO:root:2021-03-07 06:26:42.675717: starting script execution
INFO:root:2021-03-07 06:26:42.675858: no new data to process
INFO:root:2021-03-07 06:26:42.675936: script executed successfully
INFO:root:2021-03-07 06:45:10.367204: starting script execution
INFO:root:2021-03-07 06:45:10.367333: no new data to process
INFO:root:2021-03-07 06:45:10.367376: script executed successfully
INFO:root:2021-03-07 06:57:37.149103: starting script execution
INFO:root:2021-03-07 06:57:37.149241: no new data to process
INFO:root:2021-03-07 06:57:37.149287: script executed successfully
INFO:root:2021-03-07 07:16:57.687930: starting script execution
INFO:root:2021-03-07 07:16:57.688055: no new data to process
INFO:root:2021-03-07 07:16:57.688102: script executed successfully
INFO:root:2021-03-07 07:34:05.652201: starting script execution
INFO:root:2021-03-07 07:34:05.652324: no new data to process
INFO:root:2021-03-07 07:34:05.652374: script executed successfully
INFO:root:2021-03-07 07:44:42.728306: starting script execution
INFO:root:2021-03-07 07:44:42.728423: no new data to process
INFO:root:2021-03-07 07:44:42.728464: script executed successfully
INFO:root:2021-03-07 07:51:04.380497: starting script execution
INFO:root:2021-03-07 07:51:04.380629: no new data to process
INFO:root:2021-03-07 07:51:04.380675: script executed successfully
INFO:root:2021-03-07 07:57:27.486486: starting script execution
INFO:root:2021-03-07 07:57:27.486695: no new data to process
INFO:root:2021-03-07 07:57:27.486762: script executed successfully
INFO:root:2021-03-07 08:20:18.741316: starting script execution
INFO:root:2021-03-07 08:20:18.741461: no new data to process
INFO:root:2021-03-07 08:20:18.741533: script executed successfully
INFO:root:2021-03-07 08:41:41.164822: starting script execution
INFO:root:2021-03-07 08:41:41.164975: no new data to process
INFO:root:2021-03-07 08:41:41.165036: script executed successfully
INFO:root:2021-03-07 08:55:08.112792: starting script execution
INFO:root:2021-03-07 08:55:08.112938: no new data to process
INFO:root:2021-03-07 08:55:08.112987: script executed successfully
INFO:root:2021-03-07 09:03:53.570543: starting script execution
INFO:root:2021-03-07 09:03:53.570678: no new data to process
INFO:root:2021-03-07 09:03:53.570729: script executed successfully
INFO:root:2021-03-07 09:27:55.127062: starting script execution
INFO:root:2021-03-07 09:27:55.127189: no new data to process
INFO:root:2021-03-07 09:27:55.127255: script executed successfully
INFO:root:2021-03-07 09:46:01.550356: starting script execution
INFO:root:2021-03-07 09:46:01.550512: no new data to process
INFO:root:2021-03-07 09:46:01.550570: script executed successfully
INFO:root:2021-03-07 09:55:09.434801: starting script execution
INFO:root:2021-03-07 09:55:09.434936: no new data to process
INFO:root:2021-03-07 09:55:09.434983: script executed successfully
INFO:root:2021-03-07 10:04:49.238617: starting script execution
INFO:root:2021-03-07 10:04:49.238804: no new data to process
INFO:root:2021-03-07 10:04:49.238874: script executed successfully
INFO:root:2021-03-07 10:29:31.306536: starting script execution
INFO:root:2021-03-07 10:29:31.306670: no new data to process
INFO:root:2021-03-07 10:29:31.306716: script executed successfully
INFO:root:2021-03-07 10:47:06.843190: starting script execution
INFO:root:2021-03-07 10:47:06.843345: no new data to process
INFO:root:2021-03-07 10:47:06.843406: script executed successfully
INFO:root:2021-03-07 10:55:45.221040: starting script execution
INFO:root:2021-03-07 10:55:45.221172: no new data to process
INFO:root:2021-03-07 10:55:45.221217: script executed successfully
INFO:root:2021-03-07 11:06:55.448767: starting script execution
INFO:root:2021-03-07 11:06:55.448895: no new data to process
INFO:root:2021-03-07 11:06:55.448953: script executed successfully
INFO:root:2021-03-07 11:26:29.431678: starting script execution
INFO:root:2021-03-07 11:26:29.431824: no new data to process
INFO:root:2021-03-07 11:26:29.431874: script executed successfully
INFO:root:2021-03-07 11:38:14.812521: starting script execution
INFO:root:2021-03-07 11:38:14.812654: no new data to process
INFO:root:2021-03-07 11:38:14.812696: script executed successfully
INFO:root:2021-03-07 11:47:07.539684: starting script execution
INFO:root:2021-03-07 11:47:07.539797: no new data to process
INFO:root:2021-03-07 11:47:07.539839: script executed successfully
INFO:root:2021-03-07 11:53:34.363877: starting script execution
INFO:root:2021-03-07 11:53:34.364006: no new data to process
INFO:root:2021-03-07 11:53:34.364053: script executed successfully
INFO:root:2021-03-07 12:00:06.527614: starting script execution
INFO:root:2021-03-07 12:00:06.527748: no new data to process
INFO:root:2021-03-07 12:00:06.527795: script executed successfully
INFO:root:2021-03-07 12:32:48.192866: starting script execution
INFO:root:2021-03-07 12:32:48.192993: no new data to process
INFO:root:2021-03-07 12:32:48.193040: script executed successfully
INFO:root:2021-03-07 12:57:59.976016: starting script execution
INFO:root:2021-03-07 12:57:59.976161: no new data to process
INFO:root:2021-03-07 12:57:59.976224: script executed successfully
INFO:root:2021-03-07 13:21:01.656127: starting script execution
INFO:root:2021-03-07 13:21:01.656244: no new data to process
INFO:root:2021-03-07 13:21:01.656287: script executed successfully
INFO:root:2021-03-07 13:34:25.596331: starting script execution
INFO:root:2021-03-07 13:34:25.596465: no new data to process
INFO:root:2021-03-07 13:34:25.596512: script executed successfully
INFO:root:2021-03-07 13:44:44.010154: starting script execution
INFO:root:2021-03-07 13:44:44.010282: no new data to process
INFO:root:2021-03-07 13:44:44.010338: script executed successfully
INFO:root:2021-03-07 13:51:02.290233: starting script execution
INFO:root:2021-03-07 13:51:02.290340: no new data to process
INFO:root:2021-03-07 13:51:02.290401: script executed successfully
INFO:root:2021-03-07 13:57:23.239142: starting script execution
INFO:root:2021-03-07 13:57:23.239283: no new data to process
INFO:root:2021-03-07 13:57:23.239341: script executed successfully
INFO:root:2021-03-07 14:16:49.124319: starting script execution
INFO:root:2021-03-07 14:16:49.124444: no new data to process
INFO:root:2021-03-07 14:16:49.124491: script executed successfully
INFO:root:2021-03-07 14:33:50.149841: starting script execution
INFO:root:2021-03-07 14:33:50.149969: no new data to process
INFO:root:2021-03-07 14:33:50.150013: script executed successfully
INFO:root:2021-03-07 14:44:53.735931: starting script execution
INFO:root:2021-03-07 14:44:53.736056: no new data to process
INFO:root:2021-03-07 14:44:53.736104: script executed successfully
INFO:root:2021-03-07 14:51:10.521367: starting script execution
INFO:root:2021-03-07 14:51:10.521480: no new data to process
INFO:root:2021-03-07 14:51:10.521520: script executed successfully
INFO:root:2021-03-07 14:57:36.160787: starting script execution
INFO:root:2021-03-07 14:57:36.160892: no new data to process
INFO:root:2021-03-07 14:57:36.160944: script executed successfully
INFO:root:2021-03-07 15:17:16.932390: starting script execution
INFO:root:2021-03-07 15:17:16.932509: no new data to process
INFO:root:2021-03-07 15:17:16.932553: script executed successfully
INFO:root:2021-03-07 15:35:52.174708: starting script execution
INFO:root:2021-03-07 15:35:52.174825: no new data to process
INFO:root:2021-03-07 15:35:52.174873: script executed successfully
INFO:root:2021-03-07 15:50:40.800600: starting script execution
INFO:root:2021-03-07 15:50:40.800725: no new data to process
INFO:root:2021-03-07 15:50:40.800778: script executed successfully
INFO:root:2021-03-07 15:57:33.737437: starting script execution
INFO:root:2021-03-07 15:57:33.737563: no new data to process
INFO:root:2021-03-07 15:57:33.737612: script executed successfully
INFO:root:2021-03-07 16:27:49.504769: starting script execution
INFO:root:2021-03-07 16:27:49.504892: no new data to process
INFO:root:2021-03-07 16:27:49.504938: script executed successfully
INFO:root:2021-03-07 17:13:01.619564: starting script execution
INFO:root:2021-03-07 17:13:01.619693: no new data to process
INFO:root:2021-03-07 17:13:01.619740: script executed successfully
INFO:root:2021-03-07 17:45:02.710025: starting script execution
INFO:root:2021-03-07 17:45:02.710232: no new data to process
INFO:root:2021-03-07 17:45:02.710291: script executed successfully
INFO:root:2021-03-07 17:58:36.118853: starting script execution
INFO:root:2021-03-07 17:58:36.118974: no new data to process
INFO:root:2021-03-07 17:58:36.119040: script executed successfully
INFO:root:2021-03-07 18:25:11.945195: starting script execution
INFO:root:2021-03-07 18:25:11.945299: no new data to process
INFO:root:2021-03-07 18:25:11.945336: script executed successfully
INFO:root:2021-03-07 18:42:08.499403: starting script execution
INFO:root:2021-03-07 18:42:08.499512: no new data to process
INFO:root:2021-03-07 18:42:08.499552: script executed successfully
INFO:root:2021-03-07 18:57:58.412582: starting script execution
INFO:root:2021-03-07 18:57:58.412751: no new data to process
INFO:root:2021-03-07 18:57:58.412807: script executed successfully
INFO:root:2021-03-07 19:15:12.501659: starting script execution
INFO:root:2021-03-07 19:15:12.501789: no new data to process
INFO:root:2021-03-07 19:15:12.501836: script executed successfully
INFO:root:2021-03-07 19:27:14.960248: starting script execution
INFO:root:2021-03-07 19:27:14.960358: new data found, processing
INFO:root:2021-03-07 19:27:15.390024: script executed successfully
INFO:root:2021-03-07 19:37:01.679958: starting script execution
INFO:root:2021-03-07 19:37:01.680082: no new data to process
INFO:root:2021-03-07 19:37:01.680129: script executed successfully
INFO:root:2021-03-07 19:44:02.952061: starting script execution
INFO:root:2021-03-07 19:44:02.952155: no new data to process
INFO:root:2021-03-07 19:44:02.952188: script executed successfully
INFO:root:2021-03-07 19:50:24.902852: starting script execution
INFO:root:2021-03-07 19:50:24.902965: no new data to process
INFO:root:2021-03-07 19:50:24.903016: script executed successfully
INFO:root:2021-03-07 19:56:37.364767: starting script execution
INFO:root:2021-03-07 19:56:37.364892: no new data to process
INFO:root:2021-03-07 19:56:37.364941: script executed successfully
INFO:root:2021-03-07 20:13:10.853745: starting script execution
INFO:root:2021-03-07 20:13:10.853877: no new data to process
INFO:root:2021-03-07 20:13:10.853940: script executed successfully
INFO:root:2021-03-07 20:32:51.860614: starting script execution
INFO:root:2021-03-07 20:32:51.860744: no new data to process
INFO:root:2021-03-07 20:32:51.860790: script executed successfully
INFO:root:2021-03-07 20:45:19.634383: starting script execution
INFO:root:2021-03-07 20:45:19.634510: no new data to process
INFO:root:2021-03-07 20:45:19.634557: script executed successfully
INFO:root:2021-03-07 20:51:39.241149: starting script execution
INFO:root:2021-03-07 20:51:39.241269: no new data to process
INFO:root:2021-03-07 20:51:39.241315: script executed successfully
INFO:root:2021-03-07 20:57:57.451224: starting script execution
INFO:root:2021-03-07 20:57:57.451368: no new data to process
INFO:root:2021-03-07 20:57:57.451427: script executed successfully
INFO:root:2021-03-07 21:17:48.006605: starting script execution
INFO:root:2021-03-07 21:17:48.006711: no new data to process
INFO:root:2021-03-07 21:17:48.006744: script executed successfully
INFO:root:2021-03-07 21:33:51.217797: starting script execution
INFO:root:2021-03-07 21:33:51.217924: no new data to process
INFO:root:2021-03-07 21:33:51.217978: script executed successfully
INFO:root:2021-03-07 21:46:59.504425: starting script execution
INFO:root:2021-03-07 21:46:59.504522: no new data to process
INFO:root:2021-03-07 21:46:59.504555: script executed successfully
INFO:root:2021-03-07 21:53:44.812472: starting script execution
INFO:root:2021-03-07 21:53:44.812608: no new data to process
INFO:root:2021-03-07 21:53:44.812655: script executed successfully
INFO:root:2021-03-07 22:00:02.407423: starting script execution
INFO:root:2021-03-07 22:00:02.407592: no new data to process
INFO:root:2021-03-07 22:00:02.407652: script executed successfully
INFO:root:2021-03-07 22:26:34.922637: starting script execution
INFO:root:2021-03-07 22:26:34.922769: no new data to process
INFO:root:2021-03-07 22:26:34.922815: script executed successfully
INFO:root:2021-03-07 22:44:43.606138: starting script execution
INFO:root:2021-03-07 22:44:43.606263: no new data to process
INFO:root:2021-03-07 22:44:43.606309: script executed successfully
INFO:root:2021-03-07 22:55:23.320084: starting script execution
INFO:root:2021-03-07 22:55:23.320206: no new data to process
INFO:root:2021-03-07 22:55:23.320253: script executed successfully
INFO:root:2021-03-07 23:05:10.576701: starting script execution
INFO:root:2021-03-07 23:05:10.576791: no new data to process
INFO:root:2021-03-07 23:05:10.576824: script executed successfully
INFO:root:2021-03-07 23:28:21.104308: starting script execution
INFO:root:2021-03-07 23:28:21.104444: no new data to process
INFO:root:2021-03-07 23:28:21.104502: script executed successfully
INFO:root:2021-03-07 23:46:45.350668: starting script execution
INFO:root:2021-03-07 23:46:45.350796: no new data to process
INFO:root:2021-03-07 23:46:45.350843: script executed successfully
INFO:root:2021-03-07 23:56:04.628558: starting script execution
INFO:root:2021-03-07 23:56:04.628686: no new data to process
INFO:root:2021-03-07 23:56:04.628728: script executed successfully
INFO:root:2021-03-08 00:22:14.074332: starting script execution
INFO:root:2021-03-08 00:22:14.074459: no new data to process
INFO:root:2021-03-08 00:22:14.074506: script executed successfully
INFO:root:2021-03-08 01:20:25.791257: starting script execution
INFO:root:2021-03-08 01:20:25.791393: new data found, processing
INFO:root:2021-03-08 01:20:26.356730: script executed successfully
INFO:root:2021-03-08 02:07:56.293879: starting script execution
INFO:root:2021-03-08 02:07:56.293992: no new data to process
INFO:root:2021-03-08 02:07:56.294035: script executed successfully
INFO:root:2021-03-08 02:41:22.172658: starting script execution
INFO:root:2021-03-08 02:41:22.172778: no new data to process
INFO:root:2021-03-08 02:41:22.172824: script executed successfully
INFO:root:2021-03-08 02:57:12.980119: starting script execution
INFO:root:2021-03-08 02:57:12.980246: no new data to process
INFO:root:2021-03-08 02:57:12.980287: script executed successfully
INFO:root:2021-03-08 03:16:09.255443: starting script execution
INFO:root:2021-03-08 03:16:09.255680: no new data to process
INFO:root:2021-03-08 03:16:09.255761: script executed successfully
INFO:root:2021-03-08 03:35:30.967246: starting script execution
INFO:root:2021-03-08 03:35:30.967386: no new data to process
INFO:root:2021-03-08 03:35:30.967446: script executed successfully
INFO:root:2021-03-08 03:50:51.661647: starting script execution
INFO:root:2021-03-08 03:50:51.661771: no new data to process
INFO:root:2021-03-08 03:50:51.661817: script executed successfully
INFO:root:2021-03-08 03:57:09.410829: starting script execution
INFO:root:2021-03-08 03:57:09.411025: no new data to process
INFO:root:2021-03-08 03:57:09.411084: script executed successfully
INFO:root:2021-03-08 04:19:16.925925: starting script execution
INFO:root:2021-03-08 04:19:16.926049: no new data to process
INFO:root:2021-03-08 04:19:16.926092: script executed successfully
INFO:root:2021-03-08 04:44:01.628857: starting script execution
INFO:root:2021-03-08 04:44:01.629016: no new data to process
INFO:root:2021-03-08 04:44:01.629067: script executed successfully
INFO:root:2021-03-08 04:58:40.868955: starting script execution
INFO:root:2021-03-08 04:58:40.869082: no new data to process
INFO:root:2021-03-08 04:58:40.869130: script executed successfully
INFO:root:2021-03-08 05:22:45.567135: starting script execution
INFO:root:2021-03-08 05:22:45.567264: no new data to process
INFO:root:2021-03-08 05:22:45.567320: script executed successfully
INFO:root:2021-03-08 05:38:09.927079: starting script execution
INFO:root:2021-03-08 05:38:09.927220: no new data to process
INFO:root:2021-03-08 05:38:09.927267: script executed successfully
INFO:root:2021-03-08 05:48:07.389695: starting script execution
INFO:root:2021-03-08 05:48:07.389834: no new data to process
INFO:root:2021-03-08 05:48:07.389891: script executed successfully
INFO:root:2021-03-08 05:54:22.624147: starting script execution
INFO:root:2021-03-08 05:54:22.624260: no new data to process
INFO:root:2021-03-08 05:54:22.624300: script executed successfully
INFO:root:2021-03-08 06:00:39.323047: starting script execution
INFO:root:2021-03-08 06:00:39.323191: no new data to process
INFO:root:2021-03-08 06:00:39.323243: script executed successfully
INFO:root:2021-03-08 06:28:06.383501: starting script execution
INFO:root:2021-03-08 06:28:06.383602: no new data to process
INFO:root:2021-03-08 06:28:06.383640: script executed successfully
INFO:root:2021-03-08 06:49:41.234401: starting script execution
INFO:root:2021-03-08 06:49:41.234545: no new data to process
INFO:root:2021-03-08 06:49:41.234601: script executed successfully
INFO:root:2021-03-08 06:58:52.775422: starting script execution
INFO:root:2021-03-08 06:58:52.775526: no new data to process
INFO:root:2021-03-08 06:58:52.775574: script executed successfully
INFO:root:2021-03-08 07:23:14.788491: starting script execution
INFO:root:2021-03-08 07:23:14.788620: no new data to process
INFO:root:2021-03-08 07:23:14.788678: script executed successfully
INFO:root:2021-03-08 07:35:33.118547: starting script execution
INFO:root:2021-03-08 07:35:33.118693: no new data to process
INFO:root:2021-03-08 07:35:33.118750: script executed successfully
INFO:root:2021-03-08 07:45:53.815009: starting script execution
INFO:root:2021-03-08 07:45:53.815140: no new data to process
INFO:root:2021-03-08 07:45:53.815187: script executed successfully
INFO:root:2021-03-08 07:52:19.649765: starting script execution
INFO:root:2021-03-08 07:52:19.649928: no new data to process
INFO:root:2021-03-08 07:52:19.649977: script executed successfully
INFO:root:2021-03-08 07:58:33.474597: starting script execution
INFO:root:2021-03-08 07:58:33.474719: no new data to process
INFO:root:2021-03-08 07:58:33.474774: script executed successfully
INFO:root:2021-03-08 08:29:00.555379: starting script execution
INFO:root:2021-03-08 08:29:00.555504: no new data to process
INFO:root:2021-03-08 08:29:00.555556: script executed successfully
INFO:root:2021-03-08 08:49:39.601209: starting script execution
INFO:root:2021-03-08 08:49:39.601340: no new data to process
INFO:root:2021-03-08 08:49:39.601388: script executed successfully
INFO:root:2021-03-08 08:57:30.508145: starting script execution
INFO:root:2021-03-08 08:57:30.508307: no new data to process
INFO:root:2021-03-08 08:57:30.508361: script executed successfully
INFO:root:2021-03-08 09:18:42.655458: starting script execution
INFO:root:2021-03-08 09:18:42.655581: no new data to process
INFO:root:2021-03-08 09:18:42.655627: script executed successfully
INFO:root:2021-03-08 09:38:24.983824: starting script execution
INFO:root:2021-03-08 09:38:24.983960: no new data to process
INFO:root:2021-03-08 09:38:24.984015: script executed successfully
INFO:root:2021-03-08 09:53:19.025077: starting script execution
INFO:root:2021-03-08 09:53:19.025200: no new data to process
INFO:root:2021-03-08 09:53:19.025248: script executed successfully
INFO:root:2021-03-08 09:59:35.946206: starting script execution
INFO:root:2021-03-08 09:59:35.946325: no new data to process
INFO:root:2021-03-08 09:59:35.946374: script executed successfully
INFO:root:2021-03-08 10:27:23.487788: starting script execution
INFO:root:2021-03-08 10:27:23.487919: no new data to process
INFO:root:2021-03-08 10:27:23.487967: script executed successfully
INFO:root:2021-03-08 10:44:36.929984: starting script execution
INFO:root:2021-03-08 10:44:36.930136: no new data to process
INFO:root:2021-03-08 10:44:36.930189: script executed successfully
INFO:root:2021-03-08 10:55:26.426639: starting script execution
INFO:root:2021-03-08 10:55:26.426775: no new data to process
INFO:root:2021-03-08 10:55:26.426823: script executed successfully
INFO:root:2021-03-08 11:05:12.758528: starting script execution
INFO:root:2021-03-08 11:05:12.758649: no new data to process
INFO:root:2021-03-08 11:05:12.758695: script executed successfully
INFO:root:2021-03-08 11:26:00.793895: starting script execution
INFO:root:2021-03-08 11:26:00.794024: no new data to process
INFO:root:2021-03-08 11:26:00.794071: script executed successfully
INFO:root:2021-03-08 11:37:41.058622: starting script execution
INFO:root:2021-03-08 11:37:41.058745: no new data to process
INFO:root:2021-03-08 11:37:41.058788: script executed successfully
INFO:root:2021-03-08 11:47:08.958970: starting script execution
INFO:root:2021-03-08 11:47:08.959087: no new data to process
INFO:root:2021-03-08 11:47:08.959139: script executed successfully
INFO:root:2021-03-08 11:53:34.318741: starting script execution
INFO:root:2021-03-08 11:53:34.318857: no new data to process
INFO:root:2021-03-08 11:53:34.318903: script executed successfully
INFO:root:2021-03-08 11:59:59.227261: starting script execution
INFO:root:2021-03-08 11:59:59.227408: no new data to process
INFO:root:2021-03-08 11:59:59.227465: script executed successfully
INFO:root:2021-03-08 12:33:18.095227: starting script execution
INFO:root:2021-03-08 12:33:18.095358: no new data to process
INFO:root:2021-03-08 12:33:18.095404: script executed successfully
INFO:root:2021-03-08 12:59:21.318002: starting script execution
INFO:root:2021-03-08 12:59:21.318158: no new data to process
INFO:root:2021-03-08 12:59:21.318211: script executed successfully
INFO:root:2021-03-08 13:25:01.821045: starting script execution
INFO:root:2021-03-08 13:25:01.821190: no new data to process
INFO:root:2021-03-08 13:25:01.821237: script executed successfully
INFO:root:2021-03-08 13:36:53.990713: starting script execution
INFO:root:2021-03-08 13:36:53.990844: no new data to process
INFO:root:2021-03-08 13:36:53.990917: script executed successfully
INFO:root:2021-03-08 13:47:07.889132: starting script execution
INFO:root:2021-03-08 13:47:07.889310: no new data to process
INFO:root:2021-03-08 13:47:07.889387: script executed successfully
INFO:root:2021-03-08 13:53:23.141817: starting script execution
INFO:root:2021-03-08 13:53:23.141950: no new data to process
INFO:root:2021-03-08 13:53:23.142011: script executed successfully
INFO:root:2021-03-08 13:59:57.576493: starting script execution
INFO:root:2021-03-08 13:59:57.576622: no new data to process
INFO:root:2021-03-08 13:59:57.576669: script executed successfully
INFO:root:2021-03-08 14:25:00.540661: starting script execution
INFO:root:2021-03-08 14:25:00.540778: no new data to process
INFO:root:2021-03-08 14:25:00.540821: script executed successfully
INFO:root:2021-03-08 14:36:36.718456: starting script execution
INFO:root:2021-03-08 14:36:36.718594: no new data to process
INFO:root:2021-03-08 14:36:36.718650: script executed successfully
INFO:root:2021-03-08 14:47:39.278595: starting script execution
INFO:root:2021-03-08 14:47:39.278721: no new data to process
INFO:root:2021-03-08 14:47:39.278765: script executed successfully
INFO:root:2021-03-08 14:53:58.304628: starting script execution
INFO:root:2021-03-08 14:53:58.304757: no new data to process
INFO:root:2021-03-08 14:53:58.304804: script executed successfully
INFO:root:2021-03-08 15:00:10.862068: starting script execution
INFO:root:2021-03-08 15:00:10.862196: no new data to process
INFO:root:2021-03-08 15:00:10.862238: script executed successfully
INFO:root:2021-03-08 15:25:15.914433: starting script execution
INFO:root:2021-03-08 15:25:15.914560: no new data to process
INFO:root:2021-03-08 15:25:15.914607: script executed successfully
INFO:root:2021-03-08 15:40:05.086758: starting script execution
INFO:root:2021-03-08 15:40:05.086896: no new data to process
INFO:root:2021-03-08 15:40:05.086943: script executed successfully
INFO:root:2021-03-08 15:54:03.665886: starting script execution
INFO:root:2021-03-08 15:54:03.666013: no new data to process
INFO:root:2021-03-08 15:54:03.666082: script executed successfully
INFO:root:2021-03-08 16:00:27.178335: starting script execution
INFO:root:2021-03-08 16:00:27.178453: no new data to process
INFO:root:2021-03-08 16:00:27.178516: script executed successfully
INFO:root:2021-03-08 16:42:12.881368: starting script execution
INFO:root:2021-03-08 16:42:12.881483: no new data to process
INFO:root:2021-03-08 16:42:12.881536: script executed successfully
INFO:root:2021-03-08 17:18:18.917998: starting script execution
INFO:root:2021-03-08 17:18:18.918126: no new data to process
INFO:root:2021-03-08 17:18:18.918172: script executed successfully
INFO:root:2021-03-08 17:49:46.622801: starting script execution
INFO:root:2021-03-08 17:49:46.622927: no new data to process
INFO:root:2021-03-08 17:49:46.622973: script executed successfully
INFO:root:2021-03-08 18:01:31.900490: starting script execution
INFO:root:2021-03-08 18:01:31.900613: no new data to process
INFO:root:2021-03-08 18:01:31.900670: script executed successfully
INFO:root:2021-03-08 18:29:58.896803: starting script execution
INFO:root:2021-03-08 18:29:58.896948: no new data to process
INFO:root:2021-03-08 18:29:58.896997: script executed successfully
INFO:root:2021-03-08 18:53:54.587590: starting script execution
INFO:root:2021-03-08 18:53:54.587712: no new data to process
INFO:root:2021-03-08 18:53:54.587758: script executed successfully
INFO:root:2021-03-08 19:01:27.035674: starting script execution
INFO:root:2021-03-08 19:01:27.035801: new data found, processing
INFO:root:2021-03-08 19:01:27.531209: script executed successfully
INFO:root:2021-03-08 19:21:22.961740: starting script execution
INFO:root:2021-03-08 19:21:22.961865: no new data to process
INFO:root:2021-03-08 19:21:22.961935: script executed successfully
INFO:root:2021-03-08 19:31:19.378655: starting script execution
INFO:root:2021-03-08 19:31:19.378792: no new data to process
INFO:root:2021-03-08 19:31:19.378842: script executed successfully
INFO:root:2021-03-08 19:41:18.065870: starting script execution
INFO:root:2021-03-08 19:41:18.066014: no new data to process
INFO:root:2021-03-08 19:41:18.066061: script executed successfully
INFO:root:2021-03-08 19:47:35.294775: starting script execution
INFO:root:2021-03-08 19:47:35.294892: no new data to process
INFO:root:2021-03-08 19:47:35.294932: script executed successfully
INFO:root:2021-03-08 19:53:51.684799: starting script execution
INFO:root:2021-03-08 19:53:51.684931: no new data to process
INFO:root:2021-03-08 19:53:51.684978: script executed successfully
INFO:root:2021-03-08 20:00:13.616539: starting script execution
INFO:root:2021-03-08 20:00:13.616645: no new data to process
INFO:root:2021-03-08 20:00:13.616682: script executed successfully
INFO:root:2021-03-08 20:26:14.727113: starting script execution
INFO:root:2021-03-08 20:26:14.727230: no new data to process
INFO:root:2021-03-08 20:26:14.727283: script executed successfully
INFO:root:2021-03-08 20:39:35.902554: starting script execution
INFO:root:2021-03-08 20:39:35.902666: no new data to process
INFO:root:2021-03-08 20:39:35.902715: script executed successfully
INFO:root:2021-03-08 20:49:12.432541: starting script execution
INFO:root:2021-03-08 20:49:12.432730: no new data to process
INFO:root:2021-03-08 20:49:12.432811: script executed successfully
INFO:root:2021-03-08 20:55:27.578295: starting script execution
INFO:root:2021-03-08 20:55:27.578398: no new data to process
INFO:root:2021-03-08 20:55:27.578444: script executed successfully
INFO:root:2021-03-08 21:05:47.752850: starting script execution
INFO:root:2021-03-08 21:05:47.752998: no new data to process
INFO:root:2021-03-08 21:05:47.753056: script executed successfully
INFO:root:2021-03-08 21:24:28.467044: starting script execution
INFO:root:2021-03-08 21:24:28.467161: no new data to process
INFO:root:2021-03-08 21:24:28.467214: script executed successfully
INFO:root:2021-03-08 21:36:42.222391: starting script execution
INFO:root:2021-03-08 21:36:42.222522: no new data to process
INFO:root:2021-03-08 21:36:42.222568: script executed successfully
INFO:root:2021-03-08 21:49:38.386023: starting script execution
INFO:root:2021-03-08 21:49:38.386150: no new data to process
INFO:root:2021-03-08 21:49:38.386198: script executed successfully
INFO:root:2021-03-08 21:56:19.840465: starting script execution
INFO:root:2021-03-08 21:56:19.840653: no new data to process
INFO:root:2021-03-08 21:56:19.840715: script executed successfully
INFO:root:2021-03-08 22:11:18.690243: starting script execution
INFO:root:2021-03-08 22:11:18.690399: no new data to process
INFO:root:2021-03-08 22:11:18.690453: script executed successfully
INFO:root:2021-03-08 22:35:00.663931: starting script execution
INFO:root:2021-03-08 22:35:00.664054: no new data to process
INFO:root:2021-03-08 22:35:00.664102: script executed successfully
INFO:root:2021-03-08 22:51:28.462862: starting script execution
INFO:root:2021-03-08 22:51:28.463010: no new data to process
INFO:root:2021-03-08 22:51:28.463069: script executed successfully
INFO:root:2021-03-08 22:57:38.662322: starting script execution
INFO:root:2021-03-08 22:57:38.662425: no new data to process
INFO:root:2021-03-08 22:57:38.662464: script executed successfully
INFO:root:2021-03-08 23:19:53.137517: starting script execution
INFO:root:2021-03-08 23:19:53.137654: no new data to process
INFO:root:2021-03-08 23:19:53.137710: script executed successfully
INFO:root:2021-03-08 23:38:26.182038: starting script execution
INFO:root:2021-03-08 23:38:26.182150: no new data to process
INFO:root:2021-03-08 23:38:26.182190: script executed successfully
INFO:root:2021-03-08 23:53:39.403629: starting script execution
INFO:root:2021-03-08 23:53:39.403738: no new data to process
INFO:root:2021-03-08 23:53:39.403779: script executed successfully
INFO:root:2021-03-09 00:00:01.558080: starting script execution
INFO:root:2021-03-09 00:00:01.558209: no new data to process
INFO:root:2021-03-09 00:00:01.558249: script executed successfully
INFO:root:2021-03-09 01:01:12.758520: starting script execution
INFO:root:2021-03-09 01:01:12.758631: no new data to process
INFO:root:2021-03-09 01:01:12.758674: script executed successfully
INFO:root:2021-03-09 01:55:32.490435: starting script execution
INFO:root:2021-03-09 01:55:32.490565: no new data to process
INFO:root:2021-03-09 01:55:32.490646: script executed successfully
INFO:root:2021-03-09 02:20:37.936307: starting script execution
INFO:root:2021-03-09 02:20:37.936431: no new data to process
INFO:root:2021-03-09 02:20:37.936477: script executed successfully
INFO:root:2021-03-09 02:48:01.164047: starting script execution
INFO:root:2021-03-09 02:48:01.164152: no new data to process
INFO:root:2021-03-09 02:48:01.164189: script executed successfully
INFO:root:2021-03-09 02:59:21.556722: starting script execution
INFO:root:2021-03-09 02:59:21.556860: no new data to process
INFO:root:2021-03-09 02:59:21.556904: script executed successfully
INFO:root:2021-03-09 03:25:35.465785: starting script execution
INFO:root:2021-03-09 03:25:35.465904: new data found, processing
INFO:root:2021-03-09 03:25:35.939764: script executed successfully
INFO:root:2021-03-09 03:40:37.119097: starting script execution
INFO:root:2021-03-09 03:40:37.119216: no new data to process
INFO:root:2021-03-09 03:40:37.119311: script executed successfully
INFO:root:2021-03-09 03:54:18.710006: starting script execution
INFO:root:2021-03-09 03:54:18.710117: no new data to process
INFO:root:2021-03-09 03:54:18.710156: script executed successfully
INFO:root:2021-03-09 04:00:37.193378: starting script execution
INFO:root:2021-03-09 04:00:37.193511: no new data to process
INFO:root:2021-03-09 04:00:37.193567: script executed successfully
INFO:root:2021-03-09 04:31:51.752425: starting script execution
INFO:root:2021-03-09 04:31:51.752538: no new data to process
INFO:root:2021-03-09 04:31:51.752608: script executed successfully
INFO:root:2021-03-09 04:53:40.221232: starting script execution
INFO:root:2021-03-09 04:53:40.221354: no new data to process
INFO:root:2021-03-09 04:53:40.221402: script executed successfully
INFO:root:2021-03-09 05:01:26.952990: starting script execution
INFO:root:2021-03-09 05:01:26.953121: no new data to process
INFO:root:2021-03-09 05:01:26.953178: script executed successfully
INFO:root:2021-03-09 05:26:30.875930: starting script execution
INFO:root:2021-03-09 05:26:30.876060: no new data to process
INFO:root:2021-03-09 05:26:30.876106: script executed successfully
INFO:root:2021-03-09 05:41:26.747345: starting script execution
INFO:root:2021-03-09 05:41:26.747467: no new data to process
INFO:root:2021-03-09 05:41:26.747514: script executed successfully
INFO:root:2021-03-09 05:50:40.003419: starting script execution
INFO:root:2021-03-09 05:50:40.003549: no new data to process
INFO:root:2021-03-09 05:50:40.003596: script executed successfully
INFO:root:2021-03-09 05:56:58.328878: starting script execution
INFO:root:2021-03-09 05:56:58.328984: no new data to process
INFO:root:2021-03-09 05:56:58.329023: script executed successfully
INFO:root:2021-03-09 06:16:23.114431: starting script execution
INFO:root:2021-03-09 06:16:23.114557: no new data to process
INFO:root:2021-03-09 06:16:23.114602: script executed successfully
INFO:root:2021-03-09 06:39:29.291760: starting script execution
INFO:root:2021-03-09 06:39:29.291893: no new data to process
INFO:root:2021-03-09 06:39:29.291949: script executed successfully
INFO:root:2021-03-09 06:56:23.241733: starting script execution
INFO:root:2021-03-09 06:56:23.241859: no new data to process
INFO:root:2021-03-09 06:56:23.241907: script executed successfully
INFO:root:2021-03-09 07:10:16.603971: starting script execution
INFO:root:2021-03-09 07:10:16.604097: no new data to process
INFO:root:2021-03-09 07:10:16.604143: script executed successfully
INFO:root:2021-03-09 07:29:59.536209: starting script execution
INFO:root:2021-03-09 07:29:59.536318: no new data to process
INFO:root:2021-03-09 07:29:59.536370: script executed successfully
INFO:root:2021-03-09 07:44:14.169183: starting script execution
INFO:root:2021-03-09 07:44:14.169300: no new data to process
INFO:root:2021-03-09 07:44:14.169340: script executed successfully
INFO:root:2021-03-09 07:50:36.419160: starting script execution
INFO:root:2021-03-09 07:50:36.419279: no new data to process
INFO:root:2021-03-09 07:50:36.419319: script executed successfully
INFO:root:2021-03-09 07:56:57.695223: starting script execution
INFO:root:2021-03-09 07:56:57.695332: no new data to process
INFO:root:2021-03-09 07:56:57.695372: script executed successfully
INFO:root:2021-03-09 08:18:13.072637: starting script execution
INFO:root:2021-03-09 08:18:13.072762: no new data to process
INFO:root:2021-03-09 08:18:13.072818: script executed successfully
INFO:root:2021-03-09 08:42:00.230235: starting script execution
INFO:root:2021-03-09 08:42:00.230371: no new data to process
INFO:root:2021-03-09 08:42:00.230462: script executed successfully
INFO:root:2021-03-09 08:56:18.485038: starting script execution
INFO:root:2021-03-09 08:56:18.485166: no new data to process
INFO:root:2021-03-09 08:56:18.485211: script executed successfully
INFO:root:2021-03-09 09:11:00.465637: starting script execution
INFO:root:2021-03-09 09:11:00.465755: no new data to process
INFO:root:2021-03-09 09:11:00.465798: script executed successfully
INFO:root:2021-03-09 09:33:13.156835: starting script execution
INFO:root:2021-03-09 09:33:13.156951: no new data to process
INFO:root:2021-03-09 09:33:13.156994: script executed successfully
INFO:root:2021-03-09 09:51:05.253544: starting script execution
INFO:root:2021-03-09 09:51:05.253668: no new data to process
INFO:root:2021-03-09 09:51:05.253715: script executed successfully
INFO:root:2021-03-09 09:57:21.198092: starting script execution
INFO:root:2021-03-09 09:57:21.198210: no new data to process
INFO:root:2021-03-09 09:57:21.198276: script executed successfully
INFO:root:2021-03-09 10:18:51.733963: starting script execution
INFO:root:2021-03-09 10:18:51.734096: no new data to process
INFO:root:2021-03-09 10:18:51.734150: script executed successfully
INFO:root:2021-03-09 10:39:18.910806: starting script execution
INFO:root:2021-03-09 10:39:18.910911: no new data to process
INFO:root:2021-03-09 10:39:18.910949: script executed successfully
INFO:root:2021-03-09 10:53:43.860556: starting script execution
INFO:root:2021-03-09 10:53:43.860681: no new data to process
INFO:root:2021-03-09 10:53:43.860728: script executed successfully
INFO:root:2021-03-09 11:00:02.494754: starting script execution
INFO:root:2021-03-09 11:00:02.494881: no new data to process
INFO:root:2021-03-09 11:00:02.494929: script executed successfully
INFO:root:2021-03-09 11:23:46.405853: starting script execution
INFO:root:2021-03-09 11:23:46.405986: no new data to process
INFO:root:2021-03-09 11:23:46.406045: script executed successfully
INFO:root:2021-03-09 11:35:10.675585: starting script execution
INFO:root:2021-03-09 11:35:10.675753: no new data to process
INFO:root:2021-03-09 11:35:10.675802: script executed successfully
INFO:root:2021-03-09 11:45:18.488529: starting script execution
INFO:root:2021-03-09 11:45:18.488649: no new data to process
INFO:root:2021-03-09 11:45:18.488696: script executed successfully
INFO:root:2021-03-09 11:51:34.095746: starting script execution
INFO:root:2021-03-09 11:51:34.095851: no new data to process
INFO:root:2021-03-09 11:51:34.095889: script executed successfully
INFO:root:2021-03-09 11:58:23.929064: starting script execution
INFO:root:2021-03-09 11:58:23.929209: no new data to process
INFO:root:2021-03-09 11:58:23.929266: script executed successfully
INFO:root:2021-03-09 12:26:22.279826: starting script execution
INFO:root:2021-03-09 12:26:22.280014: no new data to process
INFO:root:2021-03-09 12:26:22.280069: script executed successfully
INFO:root:2021-03-09 12:52:55.435610: starting script execution
INFO:root:2021-03-09 12:52:55.435732: no new data to process
INFO:root:2021-03-09 12:52:55.435778: script executed successfully
INFO:root:2021-03-09 13:05:24.567966: starting script execution
INFO:root:2021-03-09 13:05:24.568092: no new data to process
INFO:root:2021-03-09 13:05:24.568139: script executed successfully
INFO:root:2021-03-09 13:29:14.651659: starting script execution
INFO:root:2021-03-09 13:29:14.651768: no new data to process
INFO:root:2021-03-09 13:29:14.651808: script executed successfully
INFO:root:2021-03-09 13:44:09.978245: starting script execution
INFO:root:2021-03-09 13:44:09.978393: no new data to process
INFO:root:2021-03-09 13:44:09.978449: script executed successfully
INFO:root:2021-03-09 13:50:33.022913: starting script execution
INFO:root:2021-03-09 13:50:33.023034: no new data to process
INFO:root:2021-03-09 13:50:33.023080: script executed successfully
INFO:root:2021-03-09 13:56:52.006008: starting script execution
INFO:root:2021-03-09 13:56:52.006136: no new data to process
INFO:root:2021-03-09 13:56:52.006183: script executed successfully
INFO:root:2021-03-09 14:14:28.903149: starting script execution
INFO:root:2021-03-09 14:14:28.903266: no new data to process
INFO:root:2021-03-09 14:14:28.903306: script executed successfully
INFO:root:2021-03-09 14:33:09.815038: starting script execution
INFO:root:2021-03-09 14:33:09.815166: no new data to process
INFO:root:2021-03-09 14:33:09.815204: script executed successfully
INFO:root:2021-03-09 14:46:05.993020: starting script execution
INFO:root:2021-03-09 14:46:05.993158: no new data to process
INFO:root:2021-03-09 14:46:05.993205: script executed successfully
INFO:root:2021-03-09 14:52:14.064160: starting script execution
INFO:root:2021-03-09 14:52:14.064285: no new data to process
INFO:root:2021-03-09 14:52:14.064332: script executed successfully
INFO:root:2021-03-09 14:58:42.311195: starting script execution
INFO:root:2021-03-09 14:58:42.311342: no new data to process
INFO:root:2021-03-09 14:58:42.311388: script executed successfully
INFO:root:2021-03-09 15:23:48.621760: starting script execution
INFO:root:2021-03-09 15:23:48.621868: no new data to process
INFO:root:2021-03-09 15:23:48.621908: script executed successfully
INFO:root:2021-03-09 15:38:58.895250: starting script execution
INFO:root:2021-03-09 15:38:58.895395: no new data to process
INFO:root:2021-03-09 15:38:58.895443: script executed successfully
INFO:root:2021-03-09 15:53:33.680794: starting script execution
INFO:root:2021-03-09 15:53:33.680948: no new data to process
INFO:root:2021-03-09 15:53:33.681005: script executed successfully
INFO:root:2021-03-09 15:59:58.195471: starting script execution
INFO:root:2021-03-09 15:59:58.195612: no new data to process
INFO:root:2021-03-09 15:59:58.195670: script executed successfully
INFO:root:2021-03-09 16:42:36.423211: starting script execution
INFO:root:2021-03-09 16:42:36.423335: new data found, processing
INFO:root:2021-03-09 16:42:36.947972: script executed successfully
INFO:root:2021-03-09 17:25:28.742766: starting script execution
INFO:root:2021-03-09 17:25:28.742906: no new data to process
INFO:root:2021-03-09 17:25:28.742953: script executed successfully
INFO:root:2021-03-09 18:02:23.027470: starting script execution
INFO:root:2021-03-09 18:02:23.027598: no new data to process
INFO:root:2021-03-09 18:02:23.027646: script executed successfully
INFO:root:2021-03-09 18:15:20.213407: starting script execution
INFO:root:2021-03-09 18:15:20.213500: no new data to process
INFO:root:2021-03-09 18:15:20.213533: script executed successfully
INFO:root:2021-03-09 18:34:51.583696: starting script execution
INFO:root:2021-03-09 18:34:51.583839: no new data to process
INFO:root:2021-03-09 18:34:51.583888: script executed successfully
INFO:root:2021-03-09 18:54:31.406472: starting script execution
INFO:root:2021-03-09 18:54:31.406595: no new data to process
INFO:root:2021-03-09 18:54:31.406638: script executed successfully
INFO:root:2021-03-09 19:01:19.595475: starting script execution
INFO:root:2021-03-09 19:01:19.595597: new data found, processing
INFO:root:2021-03-09 19:01:20.182998: script executed successfully
INFO:root:2021-03-09 19:17:45.700168: starting script execution
INFO:root:2021-03-09 19:17:45.700271: no new data to process
INFO:root:2021-03-09 19:17:45.700311: script executed successfully
INFO:root:2021-03-09 19:26:13.279332: starting script execution
INFO:root:2021-03-09 19:26:13.279487: no new data to process
INFO:root:2021-03-09 19:26:13.279550: script executed successfully
INFO:root:2021-03-09 19:34:07.621325: starting script execution
INFO:root:2021-03-09 19:34:07.621426: no new data to process
INFO:root:2021-03-09 19:34:07.621463: script executed successfully
INFO:root:2021-03-09 19:41:19.639744: starting script execution
INFO:root:2021-03-09 19:41:19.639875: no new data to process
INFO:root:2021-03-09 19:41:19.639922: script executed successfully
INFO:root:2021-03-09 19:47:52.092584: starting script execution
INFO:root:2021-03-09 19:47:52.092708: no new data to process
INFO:root:2021-03-09 19:47:52.092754: script executed successfully
INFO:root:2021-03-09 19:54:30.088855: starting script execution
INFO:root:2021-03-09 19:54:30.088979: no new data to process
INFO:root:2021-03-09 19:54:30.089025: script executed successfully
INFO:root:2021-03-09 20:00:57.104629: starting script execution
INFO:root:2021-03-09 20:00:57.104759: no new data to process
INFO:root:2021-03-09 20:00:57.104805: script executed successfully
INFO:root:2021-03-09 20:26:53.102840: starting script execution
INFO:root:2021-03-09 20:26:53.102967: no new data to process
INFO:root:2021-03-09 20:26:53.103013: script executed successfully
INFO:root:2021-03-09 20:40:45.666436: starting script execution
INFO:root:2021-03-09 20:40:45.666568: no new data to process
INFO:root:2021-03-09 20:40:45.666627: script executed successfully
INFO:root:2021-03-09 20:49:35.791440: starting script execution
INFO:root:2021-03-09 20:49:35.791572: no new data to process
INFO:root:2021-03-09 20:49:35.791629: script executed successfully
INFO:root:2021-03-09 20:55:52.834755: starting script execution
INFO:root:2021-03-09 20:55:52.834885: no new data to process
INFO:root:2021-03-09 20:55:52.834943: script executed successfully
INFO:root:2021-03-09 21:07:34.856424: starting script execution
INFO:root:2021-03-09 21:07:34.856553: no new data to process
INFO:root:2021-03-09 21:07:34.856599: script executed successfully
INFO:root:2021-03-09 21:25:50.645218: starting script execution
INFO:root:2021-03-09 21:25:50.645321: no new data to process
INFO:root:2021-03-09 21:25:50.645361: script executed successfully
INFO:root:2021-03-09 21:39:20.213342: starting script execution
INFO:root:2021-03-09 21:39:20.213482: no new data to process
INFO:root:2021-03-09 21:39:20.213541: script executed successfully
INFO:root:2021-03-09 21:51:35.783341: starting script execution
INFO:root:2021-03-09 21:51:35.783484: no new data to process
INFO:root:2021-03-09 21:51:35.783536: script executed successfully
INFO:root:2021-03-09 21:57:54.823160: starting script execution
INFO:root:2021-03-09 21:57:54.823297: no new data to process
INFO:root:2021-03-09 21:57:54.823359: script executed successfully
INFO:root:2021-03-09 22:22:37.751158: starting script execution
INFO:root:2021-03-09 22:22:37.751274: no new data to process
INFO:root:2021-03-09 22:22:37.751318: script executed successfully
INFO:root:2021-03-09 22:43:11.257338: starting script execution
INFO:root:2021-03-09 22:43:11.257455: no new data to process
INFO:root:2021-03-09 22:43:11.257492: script executed successfully
INFO:root:2021-03-09 22:56:06.639926: starting script execution
INFO:root:2021-03-09 22:56:06.640063: no new data to process
INFO:root:2021-03-09 22:56:06.640117: script executed successfully
INFO:root:2021-03-09 23:09:56.343946: starting script execution
INFO:root:2021-03-09 23:09:56.344081: no new data to process
INFO:root:2021-03-09 23:09:56.344142: script executed successfully
INFO:root:2021-03-09 23:32:03.191478: starting script execution
INFO:root:2021-03-09 23:32:03.191606: no new data to process
INFO:root:2021-03-09 23:32:03.191654: script executed successfully
INFO:root:2021-03-09 23:50:11.808079: starting script execution
INFO:root:2021-03-09 23:50:11.808219: no new data to process
INFO:root:2021-03-09 23:50:11.808269: script executed successfully
INFO:root:2021-03-09 23:57:43.562930: starting script execution
INFO:root:2021-03-09 23:57:43.563052: no new data to process
INFO:root:2021-03-09 23:57:43.563098: script executed successfully
INFO:root:2021-03-10 00:47:03.990530: starting script execution
INFO:root:2021-03-10 00:47:03.990669: no new data to process
INFO:root:2021-03-10 00:47:03.990729: script executed successfully
INFO:root:2021-03-10 01:31:46.946214: starting script execution
INFO:root:2021-03-10 01:31:46.946331: no new data to process
INFO:root:2021-03-10 01:31:46.946374: script executed successfully
INFO:root:2021-03-10 02:15:31.200010: starting script execution
INFO:root:2021-03-10 02:15:31.200115: new data found, processing
INFO:root:2021-03-10 02:15:31.617398: script executed successfully
INFO:root:2021-03-10 02:44:53.971989: starting script execution
INFO:root:2021-03-10 02:44:53.972117: no new data to process
INFO:root:2021-03-10 02:44:53.972163: script executed successfully
INFO:root:2021-03-10 02:55:25.419246: starting script execution
INFO:root:2021-03-10 02:55:25.419357: no new data to process
INFO:root:2021-03-10 02:55:25.419396: script executed successfully
INFO:root:2021-03-10 03:05:41.222394: starting script execution
INFO:root:2021-03-10 03:05:41.222527: no new data to process
INFO:root:2021-03-10 03:05:41.222573: script executed successfully
INFO:root:2021-03-10 03:24:43.579181: starting script execution
INFO:root:2021-03-10 03:24:43.579304: no new data to process
INFO:root:2021-03-10 03:24:43.579351: script executed successfully
INFO:root:2021-03-10 03:34:35.213271: starting script execution
INFO:root:2021-03-10 03:34:35.213417: no new data to process
INFO:root:2021-03-10 03:34:35.213479: script executed successfully
INFO:root:2021-03-10 03:44:49.518009: starting script execution
INFO:root:2021-03-10 03:44:49.518138: no new data to process
INFO:root:2021-03-10 03:44:49.518175: script executed successfully
INFO:root:2021-03-10 03:51:07.388897: starting script execution
INFO:root:2021-03-10 03:51:07.389020: no new data to process
INFO:root:2021-03-10 03:51:07.389066: script executed successfully
INFO:root:2021-03-10 03:57:22.164860: starting script execution
INFO:root:2021-03-10 03:57:22.164959: no new data to process
INFO:root:2021-03-10 03:57:22.164992: script executed successfully
INFO:root:2021-03-10 04:18:19.883118: starting script execution
INFO:root:2021-03-10 04:18:19.883240: no new data to process
INFO:root:2021-03-10 04:18:19.883283: script executed successfully
INFO:root:2021-03-10 04:37:33.137935: starting script execution
INFO:root:2021-03-10 04:37:33.138537: no new data to process
INFO:root:2021-03-10 04:37:33.138625: script executed successfully
INFO:root:2021-03-10 04:50:35.655743: starting script execution
INFO:root:2021-03-10 04:50:35.655866: no new data to process
INFO:root:2021-03-10 04:50:35.655919: script executed successfully
INFO:root:2021-03-10 04:57:10.510035: starting script execution
INFO:root:2021-03-10 04:57:10.510170: no new data to process
INFO:root:2021-03-10 04:57:10.510213: script executed successfully
INFO:root:2021-03-10 05:16:24.154856: starting script execution
INFO:root:2021-03-10 05:16:24.154983: no new data to process
INFO:root:2021-03-10 05:16:24.155042: script executed successfully
INFO:root:2021-03-10 05:35:32.566729: starting script execution
INFO:root:2021-03-10 05:35:32.566852: no new data to process
INFO:root:2021-03-10 05:35:32.566916: script executed successfully
INFO:root:2021-03-10 05:43:58.022240: starting script execution
INFO:root:2021-03-10 05:43:58.022336: new data found, processing
INFO:root:2021-03-10 05:43:58.536922: script executed successfully
INFO:root:2021-03-10 05:47:18.052526: starting script execution
INFO:root:2021-03-10 05:47:18.052639: no new data to process
INFO:root:2021-03-10 05:47:18.052679: script executed successfully
INFO:root:2021-03-10 05:53:50.298746: starting script execution
INFO:root:2021-03-10 05:53:50.298871: no new data to process
INFO:root:2021-03-10 05:53:50.298917: script executed successfully
INFO:root:2021-03-10 06:00:34.169455: starting script execution
INFO:root:2021-03-10 06:00:34.169590: no new data to process
INFO:root:2021-03-10 06:00:34.169638: script executed successfully
INFO:root:2021-03-10 06:02:49.588967: starting script execution
INFO:root:2021-03-10 06:02:49.589091: new data found, processing
INFO:root:2021-03-10 06:02:50.091144: script executed successfully
INFO:root:2021-03-10 06:27:53.032619: starting script execution
INFO:root:2021-03-10 06:27:53.032742: no new data to process
INFO:root:2021-03-10 06:27:53.032786: script executed successfully
INFO:root:2021-03-10 06:49:08.671640: starting script execution
INFO:root:2021-03-10 06:49:08.671816: no new data to process
INFO:root:2021-03-10 06:49:08.671883: script executed successfully
INFO:root:2021-03-10 06:58:56.039705: starting script execution
INFO:root:2021-03-10 06:58:56.039859: no new data to process
INFO:root:2021-03-10 06:58:56.039908: script executed successfully
INFO:root:2021-03-10 07:23:06.619464: starting script execution
INFO:root:2021-03-10 07:23:06.619584: no new data to process
INFO:root:2021-03-10 07:23:06.619634: script executed successfully
INFO:root:2021-03-10 07:35:30.361162: starting script execution
INFO:root:2021-03-10 07:35:30.361289: no new data to process
INFO:root:2021-03-10 07:35:30.361335: script executed successfully
INFO:root:2021-03-10 07:45:53.123401: starting script execution
INFO:root:2021-03-10 07:45:53.123535: no new data to process
INFO:root:2021-03-10 07:45:53.123589: script executed successfully
INFO:root:2021-03-10 07:52:11.639343: starting script execution
INFO:root:2021-03-10 07:52:11.639465: no new data to process
INFO:root:2021-03-10 07:52:11.639512: script executed successfully
INFO:root:2021-03-10 07:58:28.171836: starting script execution
INFO:root:2021-03-10 07:58:28.171969: no new data to process
INFO:root:2021-03-10 07:58:28.172014: script executed successfully
INFO:root:2021-03-10 08:28:01.246024: starting script execution
INFO:root:2021-03-10 08:28:01.246134: no new data to process
INFO:root:2021-03-10 08:28:01.246183: script executed successfully
INFO:root:2021-03-10 08:48:11.250412: starting script execution
INFO:root:2021-03-10 08:48:11.250536: no new data to process
INFO:root:2021-03-10 08:48:11.250582: script executed successfully
INFO:root:2021-03-10 08:56:53.777004: starting script execution
INFO:root:2021-03-10 08:56:53.777134: no new data to process
INFO:root:2021-03-10 08:56:53.777182: script executed successfully
INFO:root:2021-03-10 08:58:57.842109: starting script execution
INFO:root:2021-03-10 08:58:57.842197: new data found, processing
INFO:root:2021-03-10 08:58:58.254613: script executed successfully
INFO:root:2021-03-10 09:14:44.175528: starting script execution
INFO:root:2021-03-10 09:14:44.175639: no new data to process
INFO:root:2021-03-10 09:14:44.175682: script executed successfully
INFO:root:2021-03-10 09:35:39.892051: starting script execution
INFO:root:2021-03-10 09:35:39.892180: no new data to process
INFO:root:2021-03-10 09:35:39.892226: script executed successfully
INFO:root:2021-03-10 09:51:40.805021: starting script execution
INFO:root:2021-03-10 09:51:40.805194: no new data to process
INFO:root:2021-03-10 09:51:40.805271: script executed successfully
INFO:root:2021-03-10 09:57:55.975877: starting script execution
INFO:root:2021-03-10 09:57:55.976096: no new data to process
INFO:root:2021-03-10 09:57:55.976149: script executed successfully
INFO:root:2021-03-10 10:22:38.100958: starting script execution
INFO:root:2021-03-10 10:22:38.101085: no new data to process
INFO:root:2021-03-10 10:22:38.101137: script executed successfully
INFO:root:2021-03-10 10:39:58.541021: starting script execution
INFO:root:2021-03-10 10:39:58.541148: no new data to process
INFO:root:2021-03-10 10:39:58.541203: script executed successfully
INFO:root:2021-03-10 10:53:54.086517: starting script execution
INFO:root:2021-03-10 10:53:54.086640: no new data to process
INFO:root:2021-03-10 10:53:54.086689: script executed successfully
INFO:root:2021-03-10 11:00:07.003384: starting script execution
INFO:root:2021-03-10 11:00:07.003519: no new data to process
INFO:root:2021-03-10 11:00:07.003566: script executed successfully
INFO:root:2021-03-10 11:24:03.546831: starting script execution
INFO:root:2021-03-10 11:24:03.546962: no new data to process
INFO:root:2021-03-10 11:24:03.547018: script executed successfully
INFO:root:2021-03-10 11:35:20.876073: starting script execution
INFO:root:2021-03-10 11:35:20.876178: no new data to process
INFO:root:2021-03-10 11:35:20.876225: script executed successfully
INFO:root:2021-03-10 11:46:00.366534: starting script execution
INFO:root:2021-03-10 11:46:00.366663: no new data to process
INFO:root:2021-03-10 11:46:00.366710: script executed successfully
INFO:root:2021-03-10 11:51:56.745204: starting script execution
INFO:root:2021-03-10 11:51:56.745343: no new data to process
INFO:root:2021-03-10 11:51:56.745401: script executed successfully
INFO:root:2021-03-10 11:58:17.724999: starting script execution
INFO:root:2021-03-10 11:58:17.725113: no new data to process
INFO:root:2021-03-10 11:58:17.725184: script executed successfully
INFO:root:2021-03-10 12:28:56.732475: starting script execution
INFO:root:2021-03-10 12:28:56.732585: no new data to process
INFO:root:2021-03-10 12:28:56.732628: script executed successfully
INFO:root:2021-03-10 12:57:42.973777: starting script execution
INFO:root:2021-03-10 12:57:42.973905: no new data to process
INFO:root:2021-03-10 12:57:42.973965: script executed successfully
INFO:root:2021-03-10 13:20:54.559304: starting script execution
INFO:root:2021-03-10 13:20:54.559430: no new data to process
INFO:root:2021-03-10 13:20:54.559476: script executed successfully
INFO:root:2021-03-10 13:36:42.912783: starting script execution
INFO:root:2021-03-10 13:36:42.912915: no new data to process
INFO:root:2021-03-10 13:36:42.912983: script executed successfully
INFO:root:2021-03-10 13:47:25.506551: starting script execution
INFO:root:2021-03-10 13:47:25.506679: no new data to process
INFO:root:2021-03-10 13:47:25.506737: script executed successfully
INFO:root:2021-03-10 13:53:39.978716: starting script execution
INFO:root:2021-03-10 13:53:39.978848: no new data to process
INFO:root:2021-03-10 13:53:39.978907: script executed successfully
INFO:root:2021-03-10 13:59:54.959490: starting script execution
INFO:root:2021-03-10 13:59:54.959598: no new data to process
INFO:root:2021-03-10 13:59:54.959638: script executed successfully
INFO:root:2021-03-10 14:25:13.235883: starting script execution
INFO:root:2021-03-10 14:25:13.236009: no new data to process
INFO:root:2021-03-10 14:25:13.236056: script executed successfully
INFO:root:2021-03-10 14:37:11.234568: starting script execution
INFO:root:2021-03-10 14:37:11.234702: no new data to process
INFO:root:2021-03-10 14:37:11.234749: script executed successfully
INFO:root:2021-03-10 14:48:08.278164: starting script execution
INFO:root:2021-03-10 14:48:08.278970: no new data to process
INFO:root:2021-03-10 14:48:08.279076: script executed successfully
INFO:root:2021-03-10 14:54:28.059469: starting script execution
INFO:root:2021-03-10 14:54:28.059598: no new data to process
INFO:root:2021-03-10 14:54:28.059658: script executed successfully
INFO:root:2021-03-10 15:00:47.967931: starting script execution
INFO:root:2021-03-10 15:00:47.968051: no new data to process
INFO:root:2021-03-10 15:00:47.968094: script executed successfully
INFO:root:2021-03-10 15:26:14.775451: starting script execution
INFO:root:2021-03-10 15:26:14.775576: no new data to process
INFO:root:2021-03-10 15:26:14.775632: script executed successfully
INFO:root:2021-03-10 15:42:00.867378: starting script execution
INFO:root:2021-03-10 15:42:00.867492: no new data to process
INFO:root:2021-03-10 15:42:00.867536: script executed successfully
INFO:root:2021-03-10 15:55:33.732515: starting script execution
INFO:root:2021-03-10 15:55:33.732640: no new data to process
INFO:root:2021-03-10 15:55:33.732686: script executed successfully
INFO:root:2021-03-10 16:08:45.231216: starting script execution
INFO:root:2021-03-10 16:08:45.231340: no new data to process
INFO:root:2021-03-10 16:08:45.231407: script executed successfully
INFO:root:2021-03-10 16:53:15.775706: starting script execution
INFO:root:2021-03-10 16:53:15.775822: no new data to process
INFO:root:2021-03-10 16:53:15.775864: script executed successfully
INFO:root:2021-03-10 17:22:02.610812: starting script execution
INFO:root:2021-03-10 17:22:02.610963: no new data to process
INFO:root:2021-03-10 17:22:02.611022: script executed successfully
INFO:root:2021-03-10 17:51:10.969276: starting script execution
INFO:root:2021-03-10 17:51:10.969426: no new data to process
INFO:root:2021-03-10 17:51:10.969512: script executed successfully
INFO:root:2021-03-10 18:01:57.982999: starting script execution
INFO:root:2021-03-10 18:01:57.983129: no new data to process
INFO:root:2021-03-10 18:01:57.983172: script executed successfully
INFO:root:2021-03-10 18:30:30.843637: starting script execution
INFO:root:2021-03-10 18:30:30.843748: no new data to process
INFO:root:2021-03-10 18:30:30.843788: script executed successfully
INFO:root:2021-03-10 18:54:34.846912: starting script execution
INFO:root:2021-03-10 18:54:34.847034: no new data to process
INFO:root:2021-03-10 18:54:34.847087: script executed successfully
INFO:root:2021-03-10 19:01:37.091325: starting script execution
INFO:root:2021-03-10 19:01:37.091434: no new data to process
INFO:root:2021-03-10 19:01:37.091473: script executed successfully
INFO:root:2021-03-10 19:21:44.742692: starting script execution
INFO:root:2021-03-10 19:21:44.742786: new data found, processing
INFO:root:2021-03-10 19:21:45.154348: script executed successfully
INFO:root:2021-03-10 19:31:26.101269: starting script execution
INFO:root:2021-03-10 19:31:26.101396: no new data to process
INFO:root:2021-03-10 19:31:26.101450: script executed successfully
INFO:root:2021-03-10 19:41:06.367689: starting script execution
INFO:root:2021-03-10 19:41:06.367814: no new data to process
INFO:root:2021-03-10 19:41:06.367872: script executed successfully
INFO:root:2021-03-10 19:47:26.775827: starting script execution
INFO:root:2021-03-10 19:47:26.775953: no new data to process
INFO:root:2021-03-10 19:47:26.776009: script executed successfully
INFO:root:2021-03-10 19:53:44.453240: starting script execution
INFO:root:2021-03-10 19:53:44.453357: no new data to process
INFO:root:2021-03-10 19:53:44.453400: script executed successfully
INFO:root:2021-03-10 20:00:05.820746: starting script execution
INFO:root:2021-03-10 20:00:05.820853: no new data to process
INFO:root:2021-03-10 20:00:05.820894: script executed successfully
INFO:root:2021-03-10 20:26:29.594825: starting script execution
INFO:root:2021-03-10 20:26:29.594978: no new data to process
INFO:root:2021-03-10 20:26:29.595039: script executed successfully
INFO:root:2021-03-10 20:40:24.428388: starting script execution
INFO:root:2021-03-10 20:40:24.428520: no new data to process
INFO:root:2021-03-10 20:40:24.428579: script executed successfully
INFO:root:2021-03-10 20:49:49.313782: starting script execution
INFO:root:2021-03-10 20:49:49.313948: no new data to process
INFO:root:2021-03-10 20:49:49.314046: script executed successfully
INFO:root:2021-03-10 20:56:10.166558: starting script execution
INFO:root:2021-03-10 20:56:10.166716: no new data to process
INFO:root:2021-03-10 20:56:10.166762: script executed successfully
INFO:root:2021-03-10 21:09:09.313667: starting script execution
INFO:root:2021-03-10 21:09:09.313800: no new data to process
INFO:root:2021-03-10 21:09:09.313846: script executed successfully
INFO:root:2021-03-10 21:27:09.853581: starting script execution
INFO:root:2021-03-10 21:27:09.853726: no new data to process
INFO:root:2021-03-10 21:27:09.853778: script executed successfully
INFO:root:2021-03-10 21:41:39.509562: starting script execution
INFO:root:2021-03-10 21:41:39.509699: no new data to process
INFO:root:2021-03-10 21:41:39.509765: script executed successfully
INFO:root:2021-03-10 21:51:59.022097: starting script execution
INFO:root:2021-03-10 21:51:59.022231: no new data to process
INFO:root:2021-03-10 21:51:59.022289: script executed successfully
INFO:root:2021-03-10 21:58:12.747974: starting script execution
INFO:root:2021-03-10 21:58:12.748063: no new data to process
INFO:root:2021-03-10 21:58:12.748096: script executed successfully
INFO:root:2021-03-10 22:23:49.641696: starting script execution
INFO:root:2021-03-10 22:23:49.641838: no new data to process
INFO:root:2021-03-10 22:23:49.641891: script executed successfully
INFO:root:2021-03-10 22:41:52.730995: starting script execution
INFO:root:2021-03-10 22:41:52.731137: no new data to process
INFO:root:2021-03-10 22:41:52.731214: script executed successfully
INFO:root:2021-03-10 22:54:59.910585: starting script execution
INFO:root:2021-03-10 22:54:59.910713: no new data to process
INFO:root:2021-03-10 22:54:59.910770: script executed successfully
INFO:root:2021-03-10 23:03:15.708083: starting script execution
INFO:root:2021-03-10 23:03:15.708181: no new data to process
INFO:root:2021-03-10 23:03:15.708226: script executed successfully
INFO:root:2021-03-10 23:26:57.971540: starting script execution
INFO:root:2021-03-10 23:26:57.971684: no new data to process
INFO:root:2021-03-10 23:26:57.971745: script executed successfully
INFO:root:2021-03-10 23:43:27.033750: starting script execution
INFO:root:2021-03-10 23:43:27.033915: no new data to process
INFO:root:2021-03-10 23:43:27.033977: script executed successfully
INFO:root:2021-03-10 23:55:50.811768: starting script execution
INFO:root:2021-03-10 23:55:50.811877: no new data to process
INFO:root:2021-03-10 23:55:50.811917: script executed successfully
INFO:root:2021-03-11 00:19:05.266005: starting script execution
INFO:root:2021-03-11 00:19:05.266125: no new data to process
INFO:root:2021-03-11 00:19:05.266169: script executed successfully
INFO:root:2021-03-11 01:19:42.858716: starting script execution
INFO:root:2021-03-11 01:19:42.858849: no new data to process
INFO:root:2021-03-11 01:19:42.858895: script executed successfully
INFO:root:2021-03-11 02:08:24.392842: starting script execution
INFO:root:2021-03-11 02:08:24.392943: no new data to process
INFO:root:2021-03-11 02:08:24.392980: script executed successfully
INFO:root:2021-03-11 02:40:56.490465: starting script execution
INFO:root:2021-03-11 02:40:56.490614: no new data to process
INFO:root:2021-03-11 02:40:56.490675: script executed successfully
INFO:root:2021-03-11 02:56:48.642415: starting script execution
INFO:root:2021-03-11 02:56:48.642541: new data found, processing
INFO:root:2021-03-11 02:56:49.110039: script executed successfully
INFO:root:2021-03-11 03:13:58.564372: starting script execution
INFO:root:2021-03-11 03:13:58.564482: no new data to process
INFO:root:2021-03-11 03:13:58.564521: script executed successfully
INFO:root:2021-03-11 03:34:50.715671: starting script execution
INFO:root:2021-03-11 03:34:50.715804: no new data to process
INFO:root:2021-03-11 03:34:50.715861: script executed successfully
INFO:root:2021-03-11 03:51:01.314994: starting script execution
INFO:root:2021-03-11 03:51:01.315103: no new data to process
INFO:root:2021-03-11 03:51:01.315143: script executed successfully
INFO:root:2021-03-11 03:57:25.560116: starting script execution
INFO:root:2021-03-11 03:57:25.560241: no new data to process
INFO:root:2021-03-11 03:57:25.560288: script executed successfully
INFO:root:2021-03-11 04:18:48.714245: starting script execution
INFO:root:2021-03-11 04:18:48.714379: no new data to process
INFO:root:2021-03-11 04:18:48.714425: script executed successfully
INFO:root:2021-03-11 04:45:07.747075: starting script execution
INFO:root:2021-03-11 04:45:07.747223: no new data to process
INFO:root:2021-03-11 04:45:07.747271: script executed successfully
INFO:root:2021-03-11 04:59:59.323359: starting script execution
INFO:root:2021-03-11 04:59:59.323516: no new data to process
INFO:root:2021-03-11 04:59:59.323570: script executed successfully
INFO:root:2021-03-11 05:25:10.297086: starting script execution
INFO:root:2021-03-11 05:25:10.297250: no new data to process
INFO:root:2021-03-11 05:25:10.297308: script executed successfully
INFO:root:2021-03-11 05:38:45.839507: starting script execution
INFO:root:2021-03-11 05:38:45.839635: no new data to process
INFO:root:2021-03-11 05:38:45.839683: script executed successfully
INFO:root:2021-03-11 05:49:56.770892: starting script execution
INFO:root:2021-03-11 05:49:56.771026: no new data to process
INFO:root:2021-03-11 05:49:56.771075: script executed successfully
INFO:root:2021-03-11 05:56:40.572795: starting script execution
INFO:root:2021-03-11 05:56:40.572951: no new data to process
INFO:root:2021-03-11 05:56:40.573007: script executed successfully
INFO:root:2021-03-11 06:10:59.810983: starting script execution
INFO:root:2021-03-11 06:10:59.811091: no new data to process
INFO:root:2021-03-11 06:10:59.811127: script executed successfully
INFO:root:2021-03-11 06:34:55.191766: starting script execution
INFO:root:2021-03-11 06:34:55.191919: no new data to process
INFO:root:2021-03-11 06:34:55.191974: script executed successfully
INFO:root:2021-03-11 06:50:20.189967: starting script execution
INFO:root:2021-03-11 06:50:20.190101: no new data to process
INFO:root:2021-03-11 06:50:20.190149: script executed successfully
INFO:root:2021-03-11 06:56:26.000280: starting script execution
INFO:root:2021-03-11 06:56:26.000383: no new data to process
INFO:root:2021-03-11 06:56:26.000419: script executed successfully
INFO:root:2021-03-11 07:09:58.174888: starting script execution
INFO:root:2021-03-11 07:09:58.175039: no new data to process
INFO:root:2021-03-11 07:09:58.175090: script executed successfully
INFO:root:2021-03-11 07:28:54.540526: starting script execution
INFO:root:2021-03-11 07:28:54.540627: no new data to process
INFO:root:2021-03-11 07:28:54.540683: script executed successfully
INFO:root:2021-03-11 07:40:20.926991: starting script execution
INFO:root:2021-03-11 07:40:20.927122: no new data to process
INFO:root:2021-03-11 07:40:20.927177: script executed successfully
INFO:root:2021-03-11 07:47:10.743754: starting script execution
INFO:root:2021-03-11 07:47:10.743887: no new data to process
INFO:root:2021-03-11 07:47:10.743933: script executed successfully
INFO:root:2021-03-11 07:53:29.021988: starting script execution
INFO:root:2021-03-11 07:53:29.022109: no new data to process
INFO:root:2021-03-11 07:53:29.022193: script executed successfully
INFO:root:2021-03-11 08:00:05.734503: starting script execution
INFO:root:2021-03-11 08:00:05.734627: no new data to process
INFO:root:2021-03-11 08:00:05.734683: script executed successfully
INFO:root:2021-03-11 08:30:20.120879: starting script execution
INFO:root:2021-03-11 08:30:20.121006: no new data to process
INFO:root:2021-03-11 08:30:20.121053: script executed successfully
INFO:root:2021-03-11 08:48:40.343796: starting script execution
INFO:root:2021-03-11 08:48:40.343938: no new data to process
INFO:root:2021-03-11 08:48:40.343984: script executed successfully
INFO:root:2021-03-11 08:56:30.120529: starting script execution
INFO:root:2021-03-11 08:56:30.120660: no new data to process
INFO:root:2021-03-11 08:56:30.120707: script executed successfully
INFO:root:2021-03-11 09:09:46.566891: starting script execution
INFO:root:2021-03-11 09:09:46.567021: no new data to process
INFO:root:2021-03-11 09:09:46.567070: script executed successfully
INFO:root:2021-03-11 09:32:43.120522: starting script execution
INFO:root:2021-03-11 09:32:43.120647: no new data to process
INFO:root:2021-03-11 09:32:43.120693: script executed successfully
INFO:root:2021-03-11 09:51:44.851289: starting script execution
INFO:root:2021-03-11 09:51:44.851415: no new data to process
INFO:root:2021-03-11 09:51:44.851463: script executed successfully
INFO:root:2021-03-11 09:58:18.353980: starting script execution
INFO:root:2021-03-11 09:58:18.354124: no new data to process
INFO:root:2021-03-11 09:58:18.354184: script executed successfully
INFO:root:2021-03-11 10:22:16.705947: starting script execution
INFO:root:2021-03-11 10:22:16.706107: no new data to process
INFO:root:2021-03-11 10:22:16.706197: script executed successfully
INFO:root:2021-03-11 10:41:02.991193: starting script execution
INFO:root:2021-03-11 10:41:02.991324: no new data to process
INFO:root:2021-03-11 10:41:02.991370: script executed successfully
INFO:root:2021-03-11 10:55:28.479109: starting script execution
INFO:root:2021-03-11 10:55:28.479245: no new data to process
INFO:root:2021-03-11 10:55:28.479305: script executed successfully
INFO:root:2021-03-11 11:03:19.366742: starting script execution
INFO:root:2021-03-11 11:03:19.366862: no new data to process
INFO:root:2021-03-11 11:03:19.366901: script executed successfully
INFO:root:2021-03-11 11:26:21.618338: starting script execution
INFO:root:2021-03-11 11:26:21.618488: no new data to process
INFO:root:2021-03-11 11:26:21.618574: script executed successfully
INFO:root:2021-03-11 11:38:24.715554: starting script execution
INFO:root:2021-03-11 11:38:24.715689: new data found, processing
INFO:root:2021-03-11 11:38:25.267870: script executed successfully
INFO:root:2021-03-11 11:48:14.547742: starting script execution
INFO:root:2021-03-11 11:48:14.547861: no new data to process
INFO:root:2021-03-11 11:48:14.547904: script executed successfully
INFO:root:2021-03-11 11:54:25.913944: starting script execution
INFO:root:2021-03-11 11:54:25.914037: no new data to process
INFO:root:2021-03-11 11:54:25.914070: script executed successfully
INFO:root:2021-03-11 12:00:51.287974: starting script execution
INFO:root:2021-03-11 12:00:51.288118: no new data to process
INFO:root:2021-03-11 12:00:51.288176: script executed successfully
INFO:root:2021-03-11 12:34:53.099432: starting script execution
INFO:root:2021-03-11 12:34:53.099563: no new data to process
INFO:root:2021-03-11 12:34:53.099620: script executed successfully
INFO:root:2021-03-11 13:01:16.993752: starting script execution
INFO:root:2021-03-11 13:01:16.993893: no new data to process
INFO:root:2021-03-11 13:01:16.993938: script executed successfully
INFO:root:2021-03-11 13:27:46.711892: starting script execution
INFO:root:2021-03-11 13:27:46.712006: no new data to process
INFO:root:2021-03-11 13:27:46.712059: script executed successfully
INFO:root:2021-03-11 13:42:13.820023: starting script execution
INFO:root:2021-03-11 13:42:13.820188: no new data to process
INFO:root:2021-03-11 13:42:13.820263: script executed successfully
INFO:root:2021-03-11 13:50:36.333511: starting script execution
INFO:root:2021-03-11 13:50:36.333639: no new data to process
INFO:root:2021-03-11 13:50:36.333682: script executed successfully
INFO:root:2021-03-11 13:56:53.196045: starting script execution
INFO:root:2021-03-11 13:56:53.196165: no new data to process
INFO:root:2021-03-11 13:56:53.196220: script executed successfully
INFO:root:2021-03-11 14:12:08.983006: starting script execution
INFO:root:2021-03-11 14:12:08.983159: no new data to process
INFO:root:2021-03-11 14:12:08.983211: script executed successfully
INFO:root:2021-03-11 14:31:50.022193: starting script execution
INFO:root:2021-03-11 14:31:50.022309: no new data to process
INFO:root:2021-03-11 14:31:50.022363: script executed successfully
INFO:root:2021-03-11 14:46:06.518259: starting script execution
INFO:root:2021-03-11 14:46:06.518383: no new data to process
INFO:root:2021-03-11 14:46:06.518436: script executed successfully
INFO:root:2021-03-11 14:52:23.742092: starting script execution
INFO:root:2021-03-11 14:52:23.742212: no new data to process
INFO:root:2021-03-11 14:52:23.742263: script executed successfully
INFO:root:2021-03-11 14:59:13.392694: starting script execution
INFO:root:2021-03-11 14:59:13.392834: no new data to process
INFO:root:2021-03-11 14:59:13.392885: script executed successfully
INFO:root:2021-03-11 15:22:30.727778: starting script execution
INFO:root:2021-03-11 15:22:30.727965: no new data to process
INFO:root:2021-03-11 15:22:30.728027: script executed successfully
INFO:root:2021-03-11 15:39:15.739750: starting script execution
INFO:root:2021-03-11 15:39:15.739892: no new data to process
INFO:root:2021-03-11 15:39:15.740018: script executed successfully
INFO:root:2021-03-11 15:54:10.557120: starting script execution
INFO:root:2021-03-11 15:54:10.557234: no new data to process
INFO:root:2021-03-11 15:54:10.557277: script executed successfully
